<?xml version="1.0" encoding="UTF-8"?>
<!-- Generated by org.testng.reporters.JUnitXMLReporter -->
<testsuite ignored="0" hostname="pc9" failures="0" tests="8" name="Default test" time="6.834" errors="0" timestamp="2024-02-06T13:13:25 IST">
  <testcase classname="strongroom.Base" name="@BeforeClass setUp" time="6.743">
    <failure type="org.openqa.selenium.StaleElementReferenceException" message="stale element reference: stale element not found
  (Session info: chrome=120.0.6099.216)
For documentation on this error, please visit: https://www.selenium.dev/documentation/webdriver/troubleshooting/errors#stale-element-reference-exception
Build info: version: &amp;apos;4.16.1&amp;apos;, revision: &amp;apos;9b4c83354e&amp;apos;
System info: os.name: &amp;apos;Linux&amp;apos;, os.arch: &amp;apos;amd64&amp;apos;, os.version: &amp;apos;5.15.0-92-generic&amp;apos;, java.version: &amp;apos;17.0.7&amp;apos;
Driver info: org.openqa.selenium.chrome.ChromeDriver
Command: [358e2f30d7ccad74ffee95bebdfc85b7, clickElement {id=F2ED718113F40D793CD3BA3488CEF338_element_10}]
Capabilities {acceptInsecureCerts: false, browserName: chrome, browserVersion: 120.0.6099.216, chrome: {chromedriverVersion: 120.0.6099.109 (3419140ab66..., userDataDir: /tmp/.org.chromium.Chromium...}, fedcm:accounts: true, goog:chromeOptions: {debuggerAddress: localhost:37589}, networkConnectionEnabled: false, pageLoadStrategy: normal, platformName: linux, proxy: Proxy(), se:cdp: ws://localhost:37589/devtoo..., se:cdpVersion: 120.0.6099.216, setWindowRect: true, strictFileInteractability: false, timeouts: {implicit: 0, pageLoad: 300000, script: 30000}, unhandledPromptBehavior: dismiss and notify, webauthn:extension:credBlob: true, webauthn:extension:largeBlob: true, webauthn:extension:minPinLength: true, webauthn:extension:prf: true, webauthn:virtualAuthenticators: true}
Element: [[ChromeDriver: chrome on linux (358e2f30d7ccad74ffee95bebdfc85b7)] -&amp;gt; xpath: //p[@class=&amp;apos;drug-search-result&amp;apos;][text()=&amp;apos;Internal Testing&amp;apos;]]
Session ID: 358e2f30d7ccad74ffee95bebdfc85b7">
      <![CDATA[org.openqa.selenium.StaleElementReferenceException: stale element reference: stale element not found
  (Session info: chrome=120.0.6099.216)
For documentation on this error, please visit: https://www.selenium.dev/documentation/webdriver/troubleshooting/errors#stale-element-reference-exception
Build info: version: '4.16.1', revision: '9b4c83354e'
System info: os.name: 'Linux', os.arch: 'amd64', os.version: '5.15.0-92-generic', java.version: '17.0.7'
Driver info: org.openqa.selenium.chrome.ChromeDriver
Command: [358e2f30d7ccad74ffee95bebdfc85b7, clickElement {id=F2ED718113F40D793CD3BA3488CEF338_element_10}]
Capabilities {acceptInsecureCerts: false, browserName: chrome, browserVersion: 120.0.6099.216, chrome: {chromedriverVersion: 120.0.6099.109 (3419140ab66..., userDataDir: /tmp/.org.chromium.Chromium...}, fedcm:accounts: true, goog:chromeOptions: {debuggerAddress: localhost:37589}, networkConnectionEnabled: false, pageLoadStrategy: normal, platformName: linux, proxy: Proxy(), se:cdp: ws://localhost:37589/devtoo..., se:cdpVersion: 120.0.6099.216, setWindowRect: true, strictFileInteractability: false, timeouts: {implicit: 0, pageLoad: 300000, script: 30000}, unhandledPromptBehavior: dismiss and notify, webauthn:extension:credBlob: true, webauthn:extension:largeBlob: true, webauthn:extension:minPinLength: true, webauthn:extension:prf: true, webauthn:virtualAuthenticators: true}
Element: [[ChromeDriver: chrome on linux (358e2f30d7ccad74ffee95bebdfc85b7)] -> xpath: //p[@class='drug-search-result'][text()='Internal Testing']]
Session ID: 358e2f30d7ccad74ffee95bebdfc85b7
at java.base/jdk.internal.reflect.NativeConstructorAccessorImpl.newInstance0(Native Method)
at java.base/jdk.internal.reflect.NativeConstructorAccessorImpl.newInstance(NativeConstructorAccessorImpl.java:77)
at java.base/jdk.internal.reflect.DelegatingConstructorAccessorImpl.newInstance(DelegatingConstructorAccessorImpl.java:45)
at java.base/java.lang.reflect.Constructor.newInstanceWithCaller(Constructor.java:499)
at java.base/java.lang.reflect.Constructor.newInstance(Constructor.java:480)
at org.openqa.selenium.remote.codec.w3c.W3CHttpResponseCodec.createException(W3CHttpResponseCodec.java:200)
at org.openqa.selenium.remote.codec.w3c.W3CHttpResponseCodec.decode(W3CHttpResponseCodec.java:133)
at org.openqa.selenium.remote.codec.w3c.W3CHttpResponseCodec.decode(W3CHttpResponseCodec.java:52)
at org.openqa.selenium.remote.HttpCommandExecutor.execute(HttpCommandExecutor.java:191)
at org.openqa.selenium.remote.service.DriverCommandExecutor.invokeExecute(DriverCommandExecutor.java:200)
at org.openqa.selenium.remote.service.DriverCommandExecutor.execute(DriverCommandExecutor.java:175)
at org.openqa.selenium.remote.RemoteWebDriver.execute(RemoteWebDriver.java:523)
at org.openqa.selenium.remote.RemoteWebElement.execute(RemoteWebElement.java:224)
at org.openqa.selenium.remote.RemoteWebElement.click(RemoteWebElement.java:77)
at objects.LoginPage.enterLocation(LoginPage.java:86)
at objects.LoginPage.login(LoginPage.java:71)
at strongroom.Base.setUp(Base.java:39)
at java.base/jdk.internal.reflect.NativeMethodAccessorImpl.invoke0(Native Method)
at java.base/jdk.internal.reflect.NativeMethodAccessorImpl.invoke(NativeMethodAccessorImpl.java:77)
at java.base/jdk.internal.reflect.DelegatingMethodAccessorImpl.invoke(DelegatingMethodAccessorImpl.java:43)
at java.base/java.lang.reflect.Method.invoke(Method.java:568)
at org.testng.internal.MethodInvocationHelper.invokeMethod(MethodInvocationHelper.java:133)
at org.testng.internal.MethodInvocationHelper.invokeMethodConsideringTimeout(MethodInvocationHelper.java:62)
at org.testng.internal.ConfigInvoker.invokeConfigurationMethod(ConfigInvoker.java:385)
at org.testng.internal.ConfigInvoker.invokeConfigurations(ConfigInvoker.java:321)
at org.testng.internal.TestMethodWorker.invokeBeforeClassMethods(TestMethodWorker.java:176)
at org.testng.internal.TestMethodWorker.run(TestMethodWorker.java:122)
at java.base/java.util.ArrayList.forEach(ArrayList.java:1511)
at org.testng.TestRunner.privateRun(TestRunner.java:794)
at org.testng.TestRunner.run(TestRunner.java:596)
at org.testng.SuiteRunner.runTest(SuiteRunner.java:377)
at org.testng.SuiteRunner.runSequentially(SuiteRunner.java:371)
at org.testng.SuiteRunner.privateRun(SuiteRunner.java:332)
at org.testng.SuiteRunner.run(SuiteRunner.java:276)
at org.testng.SuiteRunnerWorker.runSuite(SuiteRunnerWorker.java:53)
at org.testng.SuiteRunnerWorker.run(SuiteRunnerWorker.java:96)
at org.testng.TestNG.runSuitesSequentially(TestNG.java:1212)
at org.testng.TestNG.runSuitesLocally(TestNG.java:1134)
at org.testng.TestNG.runSuites(TestNG.java:1063)
at org.testng.TestNG.run(TestNG.java:1031)
at org.testng.remote.AbstractRemoteTestNG.run(AbstractRemoteTestNG.java:115)
at org.testng.remote.RemoteTestNG.initAndRun(RemoteTestNG.java:251)
at org.testng.remote.RemoteTestNG.main(RemoteTestNG.java:77)
]]>
    </failure>
  </testcase> <!-- @BeforeClass setUp -->
  <testcase classname="strongroom.Base" name="@AfterMethod tearDown" time="-1.707205405615E9">
    <skipped/>
  </testcase> <!-- @AfterMethod tearDown -->
  <testcase classname="strongroom.Base" name="@AfterMethod tearDown" time="-1.707205405618E9">
    <skipped/>
  </testcase> <!-- @AfterMethod tearDown -->
  <testcase classname="strongroom.Base" name="@AfterMethod tearDown" time="-1.707205405622E9">
    <skipped/>
  </testcase> <!-- @AfterMethod tearDown -->
  <testcase classname="strongroom.Base" name="@AfterMethod tearDown" time="-1.707205405625E9">
    <skipped/>
  </testcase> <!-- @AfterMethod tearDown -->
  <testcase classname="strongroom.Base" name="@AfterMethod tearDown" time="-1.707205405628E9">
    <skipped/>
  </testcase> <!-- @AfterMethod tearDown -->
  <testcase classname="strongroom.Base" name="@AfterMethod tearDown" time="-1.707205405632E9">
    <skipped/>
  </testcase> <!-- @AfterMethod tearDown -->
  <testcase classname="strongroom.Base" name="@AfterMethod tearDown" time="-1.707205405635E9">
    <skipped/>
  </testcase> <!-- @AfterMethod tearDown -->
  <testcase classname="strongroom.Base" name="@AfterMethod tearDown" time="-1.707205405637E9">
    <skipped/>
  </testcase> <!-- @AfterMethod tearDown -->
  <testcase classname="strongroom.Base" name="@AfterClass tearDown" time="-1.707205405638E9">
    <skipped/>
  </testcase> <!-- @AfterClass tearDown -->
  <testcase classname="strongroom.TransferinImprest" name="transferinImprest" time="0.0">
    <skipped/>
  </testcase> <!-- transferinImprest -->
  <testcase classname="strongroom.TransferinImprest" name="transferinImprest" time="0.0">
    <skipped/>
  </testcase> <!-- transferinImprest -->
  <testcase classname="strongroom.TransferinImprest" name="transferinImprest" time="0.0">
    <skipped/>
  </testcase> <!-- transferinImprest -->
  <testcase classname="strongroom.TransferinImprest" name="transferinImprest" time="0.0">
    <skipped/>
  </testcase> <!-- transferinImprest -->
  <testcase classname="strongroom.TransferinImprest" name="transferinImprest" time="0.0">
    <skipped/>
  </testcase> <!-- transferinImprest -->
  <testcase classname="strongroom.TransferinImprest" name="transferinImprest" time="0.0">
    <skipped/>
  </testcase> <!-- transferinImprest -->
  <testcase classname="strongroom.TransferinImprest" name="transferinImprest" time="0.0">
    <skipped/>
  </testcase> <!-- transferinImprest -->
  <testcase classname="strongroom.TransferinImprest" name="transferinImprest" time="0.0">
    <skipped/>
  </testcase> <!-- transferinImprest -->
</testsuite> <!-- Default test -->
