<?xml version="1.0" encoding="UTF-8"?>
<!-- Generated by org.testng.reporters.JUnitXMLReporter -->
<testsuite ignored="0" hostname="pc9" failures="2" tests="64" name="Agedcare" time="872.823" errors="0" timestamp="2024-02-06T13:44:05 IST">
  <testcase classname="strongroom.Base" name="@BeforeClass setUp" time="5.791">
    <failure type="org.openqa.selenium.StaleElementReferenceException" message="stale element reference: stale element not found
  (Session info: chrome=120.0.6099.216)
For documentation on this error, please visit: https://www.selenium.dev/documentation/webdriver/troubleshooting/errors#stale-element-reference-exception
Build info: version: &amp;apos;4.16.1&amp;apos;, revision: &amp;apos;9b4c83354e&amp;apos;
System info: os.name: &amp;apos;Linux&amp;apos;, os.arch: &amp;apos;amd64&amp;apos;, os.version: &amp;apos;5.15.0-92-generic&amp;apos;, java.version: &amp;apos;17.0.7&amp;apos;
Driver info: org.openqa.selenium.chrome.ChromeDriver
Command: [f974f43e2a4876950a3e421f4a9f8912, clickElement {id=D4824ABEEFB26ED6A37DE98BD12249A1_element_12}]
Capabilities {acceptInsecureCerts: false, browserName: chrome, browserVersion: 120.0.6099.216, chrome: {chromedriverVersion: 120.0.6099.109 (3419140ab66..., userDataDir: /tmp/.org.chromium.Chromium...}, fedcm:accounts: true, goog:chromeOptions: {debuggerAddress: localhost:45437}, networkConnectionEnabled: false, pageLoadStrategy: normal, platformName: linux, proxy: Proxy(), se:cdp: ws://localhost:45437/devtoo..., se:cdpVersion: 120.0.6099.216, setWindowRect: true, strictFileInteractability: false, timeouts: {implicit: 0, pageLoad: 300000, script: 30000}, unhandledPromptBehavior: dismiss and notify, webauthn:extension:credBlob: true, webauthn:extension:largeBlob: true, webauthn:extension:minPinLength: true, webauthn:extension:prf: true, webauthn:virtualAuthenticators: true}
Element: [[ChromeDriver: chrome on linux (f974f43e2a4876950a3e421f4a9f8912)] -&amp;gt; xpath: //p[@class=&amp;apos;drug-search-result&amp;apos;][text()=&amp;apos;Internal Testing&amp;apos;]]
Session ID: f974f43e2a4876950a3e421f4a9f8912">
      <![CDATA[org.openqa.selenium.StaleElementReferenceException: stale element reference: stale element not found
  (Session info: chrome=120.0.6099.216)
For documentation on this error, please visit: https://www.selenium.dev/documentation/webdriver/troubleshooting/errors#stale-element-reference-exception
Build info: version: '4.16.1', revision: '9b4c83354e'
System info: os.name: 'Linux', os.arch: 'amd64', os.version: '5.15.0-92-generic', java.version: '17.0.7'
Driver info: org.openqa.selenium.chrome.ChromeDriver
Command: [f974f43e2a4876950a3e421f4a9f8912, clickElement {id=D4824ABEEFB26ED6A37DE98BD12249A1_element_12}]
Capabilities {acceptInsecureCerts: false, browserName: chrome, browserVersion: 120.0.6099.216, chrome: {chromedriverVersion: 120.0.6099.109 (3419140ab66..., userDataDir: /tmp/.org.chromium.Chromium...}, fedcm:accounts: true, goog:chromeOptions: {debuggerAddress: localhost:45437}, networkConnectionEnabled: false, pageLoadStrategy: normal, platformName: linux, proxy: Proxy(), se:cdp: ws://localhost:45437/devtoo..., se:cdpVersion: 120.0.6099.216, setWindowRect: true, strictFileInteractability: false, timeouts: {implicit: 0, pageLoad: 300000, script: 30000}, unhandledPromptBehavior: dismiss and notify, webauthn:extension:credBlob: true, webauthn:extension:largeBlob: true, webauthn:extension:minPinLength: true, webauthn:extension:prf: true, webauthn:virtualAuthenticators: true}
Element: [[ChromeDriver: chrome on linux (f974f43e2a4876950a3e421f4a9f8912)] -> xpath: //p[@class='drug-search-result'][text()='Internal Testing']]
Session ID: f974f43e2a4876950a3e421f4a9f8912
at org.openqa.selenium.remote.codec.w3c.W3CHttpResponseCodec.createException(W3CHttpResponseCodec.java:200)
at org.openqa.selenium.remote.codec.w3c.W3CHttpResponseCodec.decode(W3CHttpResponseCodec.java:133)
at org.openqa.selenium.remote.codec.w3c.W3CHttpResponseCodec.decode(W3CHttpResponseCodec.java:52)
at org.openqa.selenium.remote.HttpCommandExecutor.execute(HttpCommandExecutor.java:191)
at org.openqa.selenium.remote.service.DriverCommandExecutor.invokeExecute(DriverCommandExecutor.java:200)
at org.openqa.selenium.remote.service.DriverCommandExecutor.execute(DriverCommandExecutor.java:175)
at org.openqa.selenium.remote.RemoteWebDriver.execute(RemoteWebDriver.java:523)
at org.openqa.selenium.remote.RemoteWebElement.execute(RemoteWebElement.java:224)
at org.openqa.selenium.remote.RemoteWebElement.click(RemoteWebElement.java:77)
at objects.LoginPage.enterLocation(LoginPage.java:86)
at objects.LoginPage.login(LoginPage.java:71)
at strongroom.Base.setUp(Base.java:39)
at java.base/java.util.ArrayList.forEach(ArrayList.java:1511)
... Removed 30 stack frames]]>
    </failure>
  </testcase> <!-- @BeforeClass setUp -->
  <testcase classname="strongroom.Base" name="@AfterMethod tearDown" time="-1.707207140834E9">
    <skipped/>
  </testcase> <!-- @AfterMethod tearDown -->
  <testcase classname="strongroom.Base" name="@AfterMethod tearDown" time="-1.707207140846E9">
    <skipped/>
  </testcase> <!-- @AfterMethod tearDown -->
  <testcase classname="strongroom.Base" name="@AfterMethod tearDown" time="-1.70720714085E9">
    <skipped/>
  </testcase> <!-- @AfterMethod tearDown -->
  <testcase classname="strongroom.Base" name="@AfterMethod tearDown" time="-1.707207140852E9">
    <skipped/>
  </testcase> <!-- @AfterMethod tearDown -->
  <testcase classname="strongroom.Base" name="@AfterMethod tearDown" time="-1.707207140853E9">
    <skipped/>
  </testcase> <!-- @AfterMethod tearDown -->
  <testcase classname="strongroom.Base" name="@AfterMethod tearDown" time="-1.707207140855E9">
    <skipped/>
  </testcase> <!-- @AfterMethod tearDown -->
  <testcase classname="strongroom.Base" name="@AfterMethod tearDown" time="-1.707207140857E9">
    <skipped/>
  </testcase> <!-- @AfterMethod tearDown -->
  <testcase classname="strongroom.Base" name="@AfterMethod tearDown" time="-1.707207140865E9">
    <skipped/>
  </testcase> <!-- @AfterMethod tearDown -->
  <testcase classname="strongroom.Base" name="@AfterClass tearDown" time="-1.707207140866E9">
    <skipped/>
  </testcase> <!-- @AfterClass tearDown -->
  <testcase classname="strongroom.Destroyimprest" name="destroyimprest" time="0.014"/>
  <testcase classname="strongroom.Destroyimprest" name="destroyimprest" time="0.005"/>
  <testcase classname="strongroom.Destroyimprest" name="destroyimprest" time="0.007"/>
  <testcase classname="strongroom.Destroyimprest" name="destroyimprest" time="30.997"/>
  <testcase classname="strongroom.Destroyimprest" name="destroyimprest" time="0.002"/>
  <testcase classname="strongroom.Destroyimprest" name="destroyimprest" time="0.002"/>
  <testcase classname="strongroom.Destroyimprest" name="destroyimprest" time="0.006"/>
  <testcase classname="strongroom.Destroyimprest" name="destroyimprest" time="0.004"/>
  <testcase classname="strongroom.DestroyPatient" name="destroyPatient" time="0.001"/>
  <testcase classname="strongroom.DestroyPatient" name="destroyPatient" time="0.002"/>
  <testcase classname="strongroom.DestroyPatient" name="destroyPatient" time="0.006"/>
  <testcase classname="strongroom.DestroyPatient" name="destroyPatient" time="0.002"/>
  <testcase classname="strongroom.DestroyPatient" name="destroyPatient" time="0.003"/>
  <testcase classname="strongroom.DestroyPatient" name="destroyPatient" time="0.002"/>
  <testcase classname="strongroom.DestroyPatient" name="destroyPatient" time="31.301"/>
  <testcase classname="strongroom.DestroyPatient" name="destroyPatient" time="0.001"/>
  <testcase classname="strongroom.Outgoingimprest" name="outgoingimprest" time="0.003"/>
  <testcase classname="strongroom.Outgoingimprest" name="outgoingimprest" time="0.001"/>
  <testcase classname="strongroom.Outgoingimprest" name="outgoingimprest" time="0.002"/>
  <testcase classname="strongroom.Outgoingimprest" name="outgoingimprest" time="0.003"/>
  <testcase classname="strongroom.Outgoingimprest" name="outgoingimprest" time="0.001"/>
  <testcase classname="strongroom.Outgoingimprest" name="outgoingimprest" time="31.148"/>
  <testcase classname="strongroom.Outgoingimprest" name="outgoingimprest" time="0.001"/>
  <testcase classname="strongroom.Outgoingimprest" name="outgoingimprest" time="0.001"/>
  <testcase classname="strongroom.OutgoingPatient" name="outgoingPatient" time="0.0"/>
  <testcase classname="strongroom.OutgoingPatient" name="outgoingPatient" time="0.008"/>
  <testcase classname="strongroom.OutgoingPatient" name="outgoingPatient" time="0.006"/>
  <testcase classname="strongroom.OutgoingPatient" name="outgoingPatient" time="0.004"/>
  <testcase classname="strongroom.OutgoingPatient" name="outgoingPatient" time="25.856">
    <failure type="org.openqa.selenium.TimeoutException" message="Expected condition failed: waiting for presence of element located by: By.xpath: (//td)[4] (tried for 20 second(s) with 500 milliseconds interval)">
      <![CDATA[org.openqa.selenium.TimeoutException: Expected condition failed: waiting for presence of element located by: By.xpath: (//td)[4] (tried for 20 second(s) with 500 milliseconds interval)
at org.openqa.selenium.support.ui.WebDriverWait.timeoutException(WebDriverWait.java:84)
at org.openqa.selenium.support.ui.FluentWait.until(FluentWait.java:229)
at strongroom.OutgoingPatient.outgoingPatient(OutgoingPatient.java:62)
at java.base/java.util.ArrayList.forEach(ArrayList.java:1511)
Caused by: org.openqa.selenium.NoSuchElementException: no such element: Unable to locate element: {"method":"xpath","selector":"(//td)[4]"}
  (Session info: chrome=120.0.6099.216)
For documentation on this error, please visit: https://www.selenium.dev/documentation/webdriver/troubleshooting/errors#no-such-element-exception
Build info: version: '4.16.1', revision: '9b4c83354e'
System info: os.name: 'Linux', os.arch: 'amd64', os.version: '5.15.0-92-generic', java.version: '17.0.7'
Driver info: org.openqa.selenium.chrome.ChromeDriver
Command: [4ec06caaf8ccc8528522b30da3c9dd06, findElement {using=xpath, value=(//td)[4]}]
Capabilities {acceptInsecureCerts: false, browserName: chrome, browserVersion: 120.0.6099.216, chrome: {chromedriverVersion: 120.0.6099.109 (3419140ab66..., userDataDir: /tmp/.org.chromium.Chromium...}, fedcm:accounts: true, goog:chromeOptions: {debuggerAddress: localhost:39531}, networkConnectionEnabled: false, pageLoadStrategy: normal, platformName: linux, proxy: Proxy(), se:cdp: ws://localhost:39531/devtoo..., se:cdpVersion: 120.0.6099.216, setWindowRect: true, strictFileInteractability: false, timeouts: {implicit: 0, pageLoad: 300000, script: 30000}, unhandledPromptBehavior: dismiss and notify, webauthn:extension:credBlob: true, webauthn:extension:largeBlob: true, webauthn:extension:minPinLength: true, webauthn:extension:prf: true, webauthn:virtualAuthenticators: true}
Session ID: 4ec06caaf8ccc8528522b30da3c9dd06
at org.openqa.selenium.remote.codec.w3c.W3CHttpResponseCodec.createException(W3CHttpResponseCodec.java:200)
at org.openqa.selenium.remote.codec.w3c.W3CHttpResponseCodec.decode(W3CHttpResponseCodec.java:133)
at org.openqa.selenium.remote.codec.w3c.W3CHttpResponseCodec.decode(W3CHttpResponseCodec.java:52)
at org.openqa.selenium.remote.HttpCommandExecutor.execute(HttpCommandExecutor.java:191)
at org.openqa.selenium.remote.service.DriverCommandExecutor.invokeExecute(DriverCommandExecutor.java:200)
at org.openqa.selenium.remote.service.DriverCommandExecutor.execute(DriverCommandExecutor.java:175)
at org.openqa.selenium.remote.RemoteWebDriver.execute(RemoteWebDriver.java:523)
at org.openqa.selenium.remote.ElementLocation$ElementFinder$2.findElement(ElementLocation.java:165)
at org.openqa.selenium.remote.ElementLocation.findElement(ElementLocation.java:59)
at org.openqa.selenium.remote.RemoteWebDriver.findElement(RemoteWebDriver.java:360)
at org.openqa.selenium.remote.RemoteWebDriver.findElement(RemoteWebDriver.java:354)
at org.openqa.selenium.support.ui.ExpectedConditions$6.apply(ExpectedConditions.java:171)
at org.openqa.selenium.support.ui.ExpectedConditions$6.apply(ExpectedConditions.java:168)
at org.openqa.selenium.support.ui.FluentWait.until(FluentWait.java:204)
... 29 more
... Removed 31 stack frames]]>
    </failure>
  </testcase> <!-- outgoingPatient -->
  <testcase classname="strongroom.OutgoingPatient" name="outgoingPatient" time="0.001"/>
  <testcase classname="strongroom.OutgoingPatient" name="outgoingPatient" time="0.003"/>
  <testcase classname="strongroom.OutgoingPatient" name="outgoingPatient" time="0.002"/>
  <testcase classname="strongroom.TransferinImprest" name="transferinImprest" time="32.703"/>
  <testcase classname="strongroom.TransferinImprest" name="transferinImprest" time="0.001"/>
  <testcase classname="strongroom.TransferinImprest" name="transferinImprest" time="0.001"/>
  <testcase classname="strongroom.TransferinImprest" name="transferinImprest" time="0.003"/>
  <testcase classname="strongroom.TransferinImprest" name="transferinImprest" time="0.002"/>
  <testcase classname="strongroom.TransferinImprest" name="transferinImprest" time="0.001"/>
  <testcase classname="strongroom.TransferinImprest" name="transferinImprest" time="0.001"/>
  <testcase classname="strongroom.TransferinImprest" name="transferinImprest" time="0.003"/>
  <testcase classname="strongroom.TransferinPatient" name="transferinPatient" time="0.019"/>
  <testcase classname="strongroom.TransferinPatient" name="transferinPatient" time="0.002"/>
  <testcase classname="strongroom.TransferinPatient" name="transferinPatient" time="37.282"/>
  <testcase classname="strongroom.TransferinPatient" name="transferinPatient" time="0.001"/>
  <testcase classname="strongroom.TransferinPatient" name="transferinPatient" time="0.001"/>
  <testcase classname="strongroom.TransferinPatient" name="transferinPatient" time="0.0"/>
  <testcase classname="strongroom.TransferinPatient" name="transferinPatient" time="0.001"/>
  <testcase classname="strongroom.TransferinPatient" name="transferinPatient" time="0.001"/>
  <testcase classname="strongroom.TransferoutImprest" name="transferoutImprest" time="0.0">
    <skipped/>
  </testcase> <!-- transferoutImprest -->
  <testcase classname="strongroom.TransferoutImprest" name="transferoutImprest" time="0.0">
    <skipped/>
  </testcase> <!-- transferoutImprest -->
  <testcase classname="strongroom.TransferoutImprest" name="transferoutImprest" time="0.0">
    <skipped/>
  </testcase> <!-- transferoutImprest -->
  <testcase classname="strongroom.TransferoutImprest" name="transferoutImprest" time="0.0">
    <skipped/>
  </testcase> <!-- transferoutImprest -->
  <testcase classname="strongroom.TransferoutImprest" name="transferoutImprest" time="0.0">
    <skipped/>
  </testcase> <!-- transferoutImprest -->
  <testcase classname="strongroom.TransferoutImprest" name="transferoutImprest" time="0.0">
    <skipped/>
  </testcase> <!-- transferoutImprest -->
  <testcase classname="strongroom.TransferoutImprest" name="transferoutImprest" time="0.0">
    <skipped/>
  </testcase> <!-- transferoutImprest -->
  <testcase classname="strongroom.TransferoutImprest" name="transferoutImprest" time="0.0">
    <skipped/>
  </testcase> <!-- transferoutImprest -->
  <testcase classname="strongroom.TransferoutPatient" name="transferoutPatient" time="0.001"/>
  <testcase classname="strongroom.TransferoutPatient" name="transferoutPatient" time="0.001"/>
  <testcase classname="strongroom.TransferoutPatient" name="transferoutPatient" time="0.001"/>
  <testcase classname="strongroom.TransferoutPatient" name="transferoutPatient" time="0.002"/>
  <testcase classname="strongroom.TransferoutPatient" name="transferoutPatient" time="0.009"/>
  <testcase classname="strongroom.TransferoutPatient" name="transferoutPatient" time="0.001"/>
  <testcase classname="strongroom.TransferoutPatient" name="transferoutPatient" time="0.002"/>
  <testcase classname="strongroom.TransferoutPatient" name="transferoutPatient" time="25.741">
    <failure type="org.openqa.selenium.TimeoutException" message="Expected condition failed: waiting for presence of element located by: By.xpath: (//td)[4] (tried for 20 second(s) with 500 milliseconds interval)">
      <![CDATA[org.openqa.selenium.TimeoutException: Expected condition failed: waiting for presence of element located by: By.xpath: (//td)[4] (tried for 20 second(s) with 500 milliseconds interval)
at org.openqa.selenium.support.ui.WebDriverWait.timeoutException(WebDriverWait.java:84)
at org.openqa.selenium.support.ui.FluentWait.until(FluentWait.java:229)
at strongroom.TransferoutPatient.transferoutPatient(TransferoutPatient.java:62)
at java.base/java.util.ArrayList.forEach(ArrayList.java:1511)
Caused by: org.openqa.selenium.NoSuchElementException: no such element: Unable to locate element: {"method":"xpath","selector":"(//td)[4]"}
  (Session info: chrome=120.0.6099.216)
For documentation on this error, please visit: https://www.selenium.dev/documentation/webdriver/troubleshooting/errors#no-such-element-exception
Build info: version: '4.16.1', revision: '9b4c83354e'
System info: os.name: 'Linux', os.arch: 'amd64', os.version: '5.15.0-92-generic', java.version: '17.0.7'
Driver info: org.openqa.selenium.chrome.ChromeDriver
Command: [f376bd146d8ddd8b8894d46b8308c6df, findElement {using=xpath, value=(//td)[4]}]
Capabilities {acceptInsecureCerts: false, browserName: chrome, browserVersion: 120.0.6099.216, chrome: {chromedriverVersion: 120.0.6099.109 (3419140ab66..., userDataDir: /tmp/.org.chromium.Chromium...}, fedcm:accounts: true, goog:chromeOptions: {debuggerAddress: localhost:45227}, networkConnectionEnabled: false, pageLoadStrategy: normal, platformName: linux, proxy: Proxy(), se:cdp: ws://localhost:45227/devtoo..., se:cdpVersion: 120.0.6099.216, setWindowRect: true, strictFileInteractability: false, timeouts: {implicit: 0, pageLoad: 300000, script: 30000}, unhandledPromptBehavior: dismiss and notify, webauthn:extension:credBlob: true, webauthn:extension:largeBlob: true, webauthn:extension:minPinLength: true, webauthn:extension:prf: true, webauthn:virtualAuthenticators: true}
Session ID: f376bd146d8ddd8b8894d46b8308c6df
at org.openqa.selenium.remote.codec.w3c.W3CHttpResponseCodec.createException(W3CHttpResponseCodec.java:200)
at org.openqa.selenium.remote.codec.w3c.W3CHttpResponseCodec.decode(W3CHttpResponseCodec.java:133)
at org.openqa.selenium.remote.codec.w3c.W3CHttpResponseCodec.decode(W3CHttpResponseCodec.java:52)
at org.openqa.selenium.remote.HttpCommandExecutor.execute(HttpCommandExecutor.java:191)
at org.openqa.selenium.remote.service.DriverCommandExecutor.invokeExecute(DriverCommandExecutor.java:200)
at org.openqa.selenium.remote.service.DriverCommandExecutor.execute(DriverCommandExecutor.java:175)
at org.openqa.selenium.remote.RemoteWebDriver.execute(RemoteWebDriver.java:523)
at org.openqa.selenium.remote.ElementLocation$ElementFinder$2.findElement(ElementLocation.java:165)
at org.openqa.selenium.remote.ElementLocation.findElement(ElementLocation.java:59)
at org.openqa.selenium.remote.RemoteWebDriver.findElement(RemoteWebDriver.java:360)
at org.openqa.selenium.remote.RemoteWebDriver.findElement(RemoteWebDriver.java:354)
at org.openqa.selenium.support.ui.ExpectedConditions$6.apply(ExpectedConditions.java:171)
at org.openqa.selenium.support.ui.ExpectedConditions$6.apply(ExpectedConditions.java:168)
at org.openqa.selenium.support.ui.FluentWait.until(FluentWait.java:204)
... 29 more
... Removed 31 stack frames]]>
    </failure>
  </testcase> <!-- transferoutPatient -->
</testsuite> <!-- Agedcare -->
