<html>
<head>
<title>TestNG:  Agedcare</title>
<link href="../testng.css" rel="stylesheet" type="text/css" />
<link href="../my-testng.css" rel="stylesheet" type="text/css" />

<style type="text/css">
.log { display: none;} 
.stack-trace { display: none;} 
</style>
<script type="text/javascript">
<!--
function flip(e) {
  current = e.style.display;
  if (current == 'block') {
    e.style.display = 'none';
    return 0;
  }
  else {
    e.style.display = 'block';
    return 1;
  }
}

function toggleBox(szDivId, elem, msg1, msg2)
{
  var res = -1;  if (document.getElementById) {
    res = flip(document.getElementById(szDivId));
  }
  else if (document.all) {
    // this is the way old msie versions work
    res = flip(document.all[szDivId]);
  }
  if(elem) {
    if(res == 0) elem.innerHTML = msg1; else elem.innerHTML = msg2;
  }

}

function toggleAllBoxes() {
  if (document.getElementsByTagName) {
    d = document.getElementsByTagName('div');
    for (i = 0; i < d.length; i++) {
      if (d[i].className == 'log') {
        flip(d[i]);
      }
    }
  }
}

// -->
</script>

</head>
<body>
<h2 align='center'>Agedcare</h2><table border='1' align="center">
<tr>
<td>Tests passed/Failed/Skipped:</td><td>54/2/8</td>
</tr><tr>
<td>Started on:</td><td>Tue Feb 06 13:29:33 IST 2024</td>
</tr>
<tr><td>Total time:</td><td>872 seconds (872823 ms)</td>
</tr><tr>
<td>Included groups:</td><td></td>
</tr><tr>
<td>Excluded groups:</td><td></td>
</tr>
</table><p/>
<small><i>(Hover the method name to see the test class name)</i></small><p/>
<table width='100%' border='1' class='invocation-failed'>
<tr><td colspan='4' align='center'><b>FAILED CONFIGURATIONS</b></td></tr>
<tr><td><b>Test method</b></td>
<td width="30%"><b>Exception</b></td>
<td width="10%"><b>Time (seconds)</b></td>
<td><b>Instance</b></td>
</tr>
<tr>
<td title='strongroom.TransferoutImprest.setUp()'><b>setUp</b><br>Test class: strongroom.TransferoutImprest</td>
<td><div><pre>org.openqa.selenium.StaleElementReferenceException: stale element reference: stale element not found
  (Session info: chrome=120.0.6099.216)
For documentation on this error, please visit: https://www.selenium.dev/documentation/webdriver/troubleshooting/errors#stale-element-reference-exception
Build info: version: &apos;4.16.1&apos;, revision: &apos;9b4c83354e&apos;
System info: os.name: &apos;Linux&apos;, os.arch: &apos;amd64&apos;, os.version: &apos;5.15.0-92-generic&apos;, java.version: &apos;17.0.7&apos;
Driver info: org.openqa.selenium.chrome.ChromeDriver
Command: [f974f43e2a4876950a3e421f4a9f8912, clickElement {id=D4824ABEEFB26ED6A37DE98BD12249A1_element_12}]
Capabilities {acceptInsecureCerts: false, browserName: chrome, browserVersion: 120.0.6099.216, chrome: {chromedriverVersion: 120.0.6099.109 (3419140ab66..., userDataDir: /tmp/.org.chromium.Chromium...}, fedcm:accounts: true, goog:chromeOptions: {debuggerAddress: localhost:45437}, networkConnectionEnabled: false, pageLoadStrategy: normal, platformName: linux, proxy: Proxy(), se:cdp: ws://localhost:45437/devtoo..., se:cdpVersion: 120.0.6099.216, setWindowRect: true, strictFileInteractability: false, timeouts: {implicit: 0, pageLoad: 300000, script: 30000}, unhandledPromptBehavior: dismiss and notify, webauthn:extension:credBlob: true, webauthn:extension:largeBlob: true, webauthn:extension:minPinLength: true, webauthn:extension:prf: true, webauthn:virtualAuthenticators: true}
Element: [[ChromeDriver: chrome on linux (f974f43e2a4876950a3e421f4a9f8912)] -&gt; xpath: //p[@class=&apos;drug-search-result&apos;][text()=&apos;Internal Testing&apos;]]
Session ID: f974f43e2a4876950a3e421f4a9f8912
	at org.openqa.selenium.remote.codec.w3c.W3CHttpResponseCodec.createException(W3CHttpResponseCodec.java:200)
	at org.openqa.selenium.remote.codec.w3c.W3CHttpResponseCodec.decode(W3CHttpResponseCodec.java:133)
	at org.openqa.selenium.remote.codec.w3c.W3CHttpResponseCodec.decode(W3CHttpResponseCodec.java:52)
	at org.openqa.selenium.remote.HttpCommandExecutor.execute(HttpCommandExecutor.java:191)
	at org.openqa.selenium.remote.service.DriverCommandExecutor.invokeExecute(DriverCommandExecutor.java:200)
	at org.openqa.selenium.remote.service.DriverCommandExecutor.execute(DriverCommandExecutor.java:175)
	at org.openqa.selenium.remote.RemoteWebDriver.execute(RemoteWebDriver.java:523)
	at org.openqa.selenium.remote.RemoteWebElement.execute(RemoteWebElement.java:224)
	at org.openqa.selenium.remote.RemoteWebElement.click(RemoteWebElement.java:77)
	at objects.LoginPage.enterLocation(LoginPage.java:86)
	at objects.LoginPage.login(LoginPage.java:71)
	at strongroom.Base.setUp(Base.java:39)
	at java.base/java.util.ArrayList.forEach(ArrayList.java:1511)
... Removed 30 stack frames</pre></div><a href='#' onClick='toggleBox("stack-trace1571907926", this, "Click to show all stack frames", "Click to hide stack frames")'>Click to show all stack frames</a>
<div class='stack-trace' id='stack-trace1571907926'><pre>org.openqa.selenium.StaleElementReferenceException: stale element reference: stale element not found
  (Session info: chrome=120.0.6099.216)
For documentation on this error, please visit: https://www.selenium.dev/documentation/webdriver/troubleshooting/errors#stale-element-reference-exception
Build info: version: &apos;4.16.1&apos;, revision: &apos;9b4c83354e&apos;
System info: os.name: &apos;Linux&apos;, os.arch: &apos;amd64&apos;, os.version: &apos;5.15.0-92-generic&apos;, java.version: &apos;17.0.7&apos;
Driver info: org.openqa.selenium.chrome.ChromeDriver
Command: [f974f43e2a4876950a3e421f4a9f8912, clickElement {id=D4824ABEEFB26ED6A37DE98BD12249A1_element_12}]
Capabilities {acceptInsecureCerts: false, browserName: chrome, browserVersion: 120.0.6099.216, chrome: {chromedriverVersion: 120.0.6099.109 (3419140ab66..., userDataDir: /tmp/.org.chromium.Chromium...}, fedcm:accounts: true, goog:chromeOptions: {debuggerAddress: localhost:45437}, networkConnectionEnabled: false, pageLoadStrategy: normal, platformName: linux, proxy: Proxy(), se:cdp: ws://localhost:45437/devtoo..., se:cdpVersion: 120.0.6099.216, setWindowRect: true, strictFileInteractability: false, timeouts: {implicit: 0, pageLoad: 300000, script: 30000}, unhandledPromptBehavior: dismiss and notify, webauthn:extension:credBlob: true, webauthn:extension:largeBlob: true, webauthn:extension:minPinLength: true, webauthn:extension:prf: true, webauthn:virtualAuthenticators: true}
Element: [[ChromeDriver: chrome on linux (f974f43e2a4876950a3e421f4a9f8912)] -&gt; xpath: //p[@class=&apos;drug-search-result&apos;][text()=&apos;Internal Testing&apos;]]
Session ID: f974f43e2a4876950a3e421f4a9f8912
	at java.base/jdk.internal.reflect.NativeConstructorAccessorImpl.newInstance0(Native Method)
	at java.base/jdk.internal.reflect.NativeConstructorAccessorImpl.newInstance(NativeConstructorAccessorImpl.java:77)
	at java.base/jdk.internal.reflect.DelegatingConstructorAccessorImpl.newInstance(DelegatingConstructorAccessorImpl.java:45)
	at java.base/java.lang.reflect.Constructor.newInstanceWithCaller(Constructor.java:499)
	at java.base/java.lang.reflect.Constructor.newInstance(Constructor.java:480)
	at org.openqa.selenium.remote.codec.w3c.W3CHttpResponseCodec.createException(W3CHttpResponseCodec.java:200)
	at org.openqa.selenium.remote.codec.w3c.W3CHttpResponseCodec.decode(W3CHttpResponseCodec.java:133)
	at org.openqa.selenium.remote.codec.w3c.W3CHttpResponseCodec.decode(W3CHttpResponseCodec.java:52)
	at org.openqa.selenium.remote.HttpCommandExecutor.execute(HttpCommandExecutor.java:191)
	at org.openqa.selenium.remote.service.DriverCommandExecutor.invokeExecute(DriverCommandExecutor.java:200)
	at org.openqa.selenium.remote.service.DriverCommandExecutor.execute(DriverCommandExecutor.java:175)
	at org.openqa.selenium.remote.RemoteWebDriver.execute(RemoteWebDriver.java:523)
	at org.openqa.selenium.remote.RemoteWebElement.execute(RemoteWebElement.java:224)
	at org.openqa.selenium.remote.RemoteWebElement.click(RemoteWebElement.java:77)
	at objects.LoginPage.enterLocation(LoginPage.java:86)
	at objects.LoginPage.login(LoginPage.java:71)
	at strongroom.Base.setUp(Base.java:39)
	at java.base/jdk.internal.reflect.NativeMethodAccessorImpl.invoke0(Native Method)
	at java.base/jdk.internal.reflect.NativeMethodAccessorImpl.invoke(NativeMethodAccessorImpl.java:77)
	at java.base/jdk.internal.reflect.DelegatingMethodAccessorImpl.invoke(DelegatingMethodAccessorImpl.java:43)
	at java.base/java.lang.reflect.Method.invoke(Method.java:568)
	at org.testng.internal.MethodInvocationHelper.invokeMethod(MethodInvocationHelper.java:133)
	at org.testng.internal.MethodInvocationHelper.invokeMethodConsideringTimeout(MethodInvocationHelper.java:62)
	at org.testng.internal.ConfigInvoker.invokeConfigurationMethod(ConfigInvoker.java:385)
	at org.testng.internal.ConfigInvoker.invokeConfigurations(ConfigInvoker.java:321)
	at org.testng.internal.TestMethodWorker.invokeBeforeClassMethods(TestMethodWorker.java:176)
	at org.testng.internal.TestMethodWorker.run(TestMethodWorker.java:122)
	at java.base/java.util.ArrayList.forEach(ArrayList.java:1511)
	at org.testng.TestRunner.privateRun(TestRunner.java:794)
	at org.testng.TestRunner.run(TestRunner.java:596)
	at org.testng.SuiteRunner.runTest(SuiteRunner.java:377)
	at org.testng.SuiteRunner.runSequentially(SuiteRunner.java:371)
	at org.testng.SuiteRunner.privateRun(SuiteRunner.java:332)
	at org.testng.SuiteRunner.run(SuiteRunner.java:276)
	at org.testng.SuiteRunnerWorker.runSuite(SuiteRunnerWorker.java:53)
	at org.testng.SuiteRunnerWorker.run(SuiteRunnerWorker.java:96)
	at org.testng.TestNG.runSuitesSequentially(TestNG.java:1212)
	at org.testng.TestNG.runSuitesLocally(TestNG.java:1134)
	at org.testng.TestNG.runSuites(TestNG.java:1063)
	at org.testng.TestNG.run(TestNG.java:1031)
	at org.testng.remote.AbstractRemoteTestNG.run(AbstractRemoteTestNG.java:115)
	at org.testng.remote.RemoteTestNG.initAndRun(RemoteTestNG.java:251)
	at org.testng.remote.RemoteTestNG.main(RemoteTestNG.java:77)
</pre></div></td>
<td>5</td>
<td>strongroom.TransferoutImprest@783a467b</td></tr>
</table><p>
<table width='100%' border='1' class='invocation-skipped'>
<tr><td colspan='4' align='center'><b>SKIPPED CONFIGURATIONS</b></td></tr>
<tr><td><b>Test method</b></td>
<td width="30%"><b>Exception</b></td>
<td width="10%"><b>Time (seconds)</b></td>
<td><b>Instance</b></td>
</tr>
<tr>
<td title='strongroom.TransferoutImprest.tearDown()'><b>tearDown</b><br>Test class: strongroom.TransferoutImprest</td>
<td></td>
<td>-1707207140</td>
<td>strongroom.TransferoutImprest@783a467b</td></tr>
<tr>
<td title='strongroom.TransferoutImprest.tearDown()'><b>tearDown</b><br>Test class: strongroom.TransferoutImprest</td>
<td></td>
<td>-1707207140</td>
<td>strongroom.TransferoutImprest@783a467b</td></tr>
<tr>
<td title='strongroom.TransferoutImprest.tearDown()'><b>tearDown</b><br>Test class: strongroom.TransferoutImprest</td>
<td></td>
<td>-1707207140</td>
<td>strongroom.TransferoutImprest@783a467b</td></tr>
<tr>
<td title='strongroom.TransferoutImprest.tearDown()'><b>tearDown</b><br>Test class: strongroom.TransferoutImprest</td>
<td></td>
<td>-1707207140</td>
<td>strongroom.TransferoutImprest@783a467b</td></tr>
<tr>
<td title='strongroom.TransferoutImprest.tearDown()'><b>tearDown</b><br>Test class: strongroom.TransferoutImprest</td>
<td></td>
<td>-1707207140</td>
<td>strongroom.TransferoutImprest@783a467b</td></tr>
<tr>
<td title='strongroom.TransferoutImprest.tearDown()'><b>tearDown</b><br>Test class: strongroom.TransferoutImprest</td>
<td></td>
<td>-1707207140</td>
<td>strongroom.TransferoutImprest@783a467b</td></tr>
<tr>
<td title='strongroom.TransferoutImprest.tearDown()'><b>tearDown</b><br>Test class: strongroom.TransferoutImprest</td>
<td></td>
<td>-1707207140</td>
<td>strongroom.TransferoutImprest@783a467b</td></tr>
<tr>
<td title='strongroom.TransferoutImprest.tearDown()'><b>tearDown</b><br>Test class: strongroom.TransferoutImprest</td>
<td></td>
<td>-1707207140</td>
<td>strongroom.TransferoutImprest@783a467b</td></tr>
<tr>
<td title='strongroom.TransferoutImprest.tearDown()'><b>tearDown</b><br>Test class: strongroom.TransferoutImprest</td>
<td></td>
<td>-1707207140</td>
<td>strongroom.TransferoutImprest@783a467b</td></tr>
</table><p>
<table width='100%' border='1' class='invocation-failed'>
<tr><td colspan='4' align='center'><b>FAILED TESTS</b></td></tr>
<tr><td><b>Test method</b></td>
<td width="30%"><b>Exception</b></td>
<td width="10%"><b>Time (seconds)</b></td>
<td><b>Instance</b></td>
</tr>
<tr>
<td title='strongroom.TransferoutPatient.transferoutPatient()'><b>transferoutPatient</b><br>Test class: strongroom.TransferoutPatient<br>Parameters: Transfer out Patient, Loc-1, (lidocaine) lidocaine hydrochloride 4% cream, f7f38e97-83e8-49d4-ba47-fb184baa8675, Pamela Butler, 2.0, Added Note, valeshan.naidoo@strongroom.ai, 1111</td>
<td><div><pre>org.openqa.selenium.TimeoutException: Expected condition failed: waiting for presence of element located by: By.xpath: (//td)[4] (tried for 20 second(s) with 500 milliseconds interval)
	at org.openqa.selenium.support.ui.WebDriverWait.timeoutException(WebDriverWait.java:84)
	at org.openqa.selenium.support.ui.FluentWait.until(FluentWait.java:229)
	at strongroom.TransferoutPatient.transferoutPatient(TransferoutPatient.java:62)
	at java.base/java.util.ArrayList.forEach(ArrayList.java:1511)
Caused by: org.openqa.selenium.NoSuchElementException: no such element: Unable to locate element: {&quot;method&quot;:&quot;xpath&quot;,&quot;selector&quot;:&quot;(//td)[4]&quot;}
  (Session info: chrome=120.0.6099.216)
For documentation on this error, please visit: https://www.selenium.dev/documentation/webdriver/troubleshooting/errors#no-such-element-exception
Build info: version: &apos;4.16.1&apos;, revision: &apos;9b4c83354e&apos;
System info: os.name: &apos;Linux&apos;, os.arch: &apos;amd64&apos;, os.version: &apos;5.15.0-92-generic&apos;, java.version: &apos;17.0.7&apos;
Driver info: org.openqa.selenium.chrome.ChromeDriver
Command: [f376bd146d8ddd8b8894d46b8308c6df, findElement {using=xpath, value=(//td)[4]}]
Capabilities {acceptInsecureCerts: false, browserName: chrome, browserVersion: 120.0.6099.216, chrome: {chromedriverVersion: 120.0.6099.109 (3419140ab66..., userDataDir: /tmp/.org.chromium.Chromium...}, fedcm:accounts: true, goog:chromeOptions: {debuggerAddress: localhost:45227}, networkConnectionEnabled: false, pageLoadStrategy: normal, platformName: linux, proxy: Proxy(), se:cdp: ws://localhost:45227/devtoo..., se:cdpVersion: 120.0.6099.216, setWindowRect: true, strictFileInteractability: false, timeouts: {implicit: 0, pageLoad: 300000, script: 30000}, unhandledPromptBehavior: dismiss and notify, webauthn:extension:credBlob: true, webauthn:extension:largeBlob: true, webauthn:extension:minPinLength: true, webauthn:extension:prf: true, webauthn:virtualAuthenticators: true}
Session ID: f376bd146d8ddd8b8894d46b8308c6df
	at org.openqa.selenium.remote.codec.w3c.W3CHttpResponseCodec.createException(W3CHttpResponseCodec.java:200)
	at org.openqa.selenium.remote.codec.w3c.W3CHttpResponseCodec.decode(W3CHttpResponseCodec.java:133)
	at org.openqa.selenium.remote.codec.w3c.W3CHttpResponseCodec.decode(W3CHttpResponseCodec.java:52)
	at org.openqa.selenium.remote.HttpCommandExecutor.execute(HttpCommandExecutor.java:191)
	at org.openqa.selenium.remote.service.DriverCommandExecutor.invokeExecute(DriverCommandExecutor.java:200)
	at org.openqa.selenium.remote.service.DriverCommandExecutor.execute(DriverCommandExecutor.java:175)
	at org.openqa.selenium.remote.RemoteWebDriver.execute(RemoteWebDriver.java:523)
	at org.openqa.selenium.remote.ElementLocation$ElementFinder$2.findElement(ElementLocation.java:165)
	at org.openqa.selenium.remote.ElementLocation.findElement(ElementLocation.java:59)
	at org.openqa.selenium.remote.RemoteWebDriver.findElement(RemoteWebDriver.java:360)
	at org.openqa.selenium.remote.RemoteWebDriver.findElement(RemoteWebDriver.java:354)
	at org.openqa.selenium.support.ui.ExpectedConditions$6.apply(ExpectedConditions.java:171)
	at org.openqa.selenium.support.ui.ExpectedConditions$6.apply(ExpectedConditions.java:168)
	at org.openqa.selenium.support.ui.FluentWait.until(FluentWait.java:204)
	... 29 more
... Removed 31 stack frames</pre></div><a href='#' onClick='toggleBox("stack-trace1523286511", this, "Click to show all stack frames", "Click to hide stack frames")'>Click to show all stack frames</a>
<div class='stack-trace' id='stack-trace1523286511'><pre>org.openqa.selenium.TimeoutException: Expected condition failed: waiting for presence of element located by: By.xpath: (//td)[4] (tried for 20 second(s) with 500 milliseconds interval)
	at org.openqa.selenium.support.ui.WebDriverWait.timeoutException(WebDriverWait.java:84)
	at org.openqa.selenium.support.ui.FluentWait.until(FluentWait.java:229)
	at strongroom.TransferoutPatient.transferoutPatient(TransferoutPatient.java:62)
	at java.base/jdk.internal.reflect.NativeMethodAccessorImpl.invoke0(Native Method)
	at java.base/jdk.internal.reflect.NativeMethodAccessorImpl.invoke(NativeMethodAccessorImpl.java:77)
	at java.base/jdk.internal.reflect.DelegatingMethodAccessorImpl.invoke(DelegatingMethodAccessorImpl.java:43)
	at java.base/java.lang.reflect.Method.invoke(Method.java:568)
	at org.testng.internal.MethodInvocationHelper.invokeMethod(MethodInvocationHelper.java:133)
	at org.testng.internal.TestInvoker.invokeMethod(TestInvoker.java:598)
	at org.testng.internal.TestInvoker.invokeTestMethod(TestInvoker.java:173)
	at org.testng.internal.MethodRunner.runInSequence(MethodRunner.java:46)
	at org.testng.internal.TestInvoker$MethodInvocationAgent.invoke(TestInvoker.java:824)
	at org.testng.internal.TestInvoker.invokeTestMethods(TestInvoker.java:146)
	at org.testng.internal.TestMethodWorker.invokeTestMethods(TestMethodWorker.java:146)
	at org.testng.internal.TestMethodWorker.run(TestMethodWorker.java:128)
	at java.base/java.util.ArrayList.forEach(ArrayList.java:1511)
	at org.testng.TestRunner.privateRun(TestRunner.java:794)
	at org.testng.TestRunner.run(TestRunner.java:596)
	at org.testng.SuiteRunner.runTest(SuiteRunner.java:377)
	at org.testng.SuiteRunner.runSequentially(SuiteRunner.java:371)
	at org.testng.SuiteRunner.privateRun(SuiteRunner.java:332)
	at org.testng.SuiteRunner.run(SuiteRunner.java:276)
	at org.testng.SuiteRunnerWorker.runSuite(SuiteRunnerWorker.java:53)
	at org.testng.SuiteRunnerWorker.run(SuiteRunnerWorker.java:96)
	at org.testng.TestNG.runSuitesSequentially(TestNG.java:1212)
	at org.testng.TestNG.runSuitesLocally(TestNG.java:1134)
	at org.testng.TestNG.runSuites(TestNG.java:1063)
	at org.testng.TestNG.run(TestNG.java:1031)
	at org.testng.remote.AbstractRemoteTestNG.run(AbstractRemoteTestNG.java:115)
	at org.testng.remote.RemoteTestNG.initAndRun(RemoteTestNG.java:251)
	at org.testng.remote.RemoteTestNG.main(RemoteTestNG.java:77)
Caused by: org.openqa.selenium.NoSuchElementException: no such element: Unable to locate element: {&quot;method&quot;:&quot;xpath&quot;,&quot;selector&quot;:&quot;(//td)[4]&quot;}
  (Session info: chrome=120.0.6099.216)
For documentation on this error, please visit: https://www.selenium.dev/documentation/webdriver/troubleshooting/errors#no-such-element-exception
Build info: version: &apos;4.16.1&apos;, revision: &apos;9b4c83354e&apos;
System info: os.name: &apos;Linux&apos;, os.arch: &apos;amd64&apos;, os.version: &apos;5.15.0-92-generic&apos;, java.version: &apos;17.0.7&apos;
Driver info: org.openqa.selenium.chrome.ChromeDriver
Command: [f376bd146d8ddd8b8894d46b8308c6df, findElement {using=xpath, value=(//td)[4]}]
Capabilities {acceptInsecureCerts: false, browserName: chrome, browserVersion: 120.0.6099.216, chrome: {chromedriverVersion: 120.0.6099.109 (3419140ab66..., userDataDir: /tmp/.org.chromium.Chromium...}, fedcm:accounts: true, goog:chromeOptions: {debuggerAddress: localhost:45227}, networkConnectionEnabled: false, pageLoadStrategy: normal, platformName: linux, proxy: Proxy(), se:cdp: ws://localhost:45227/devtoo..., se:cdpVersion: 120.0.6099.216, setWindowRect: true, strictFileInteractability: false, timeouts: {implicit: 0, pageLoad: 300000, script: 30000}, unhandledPromptBehavior: dismiss and notify, webauthn:extension:credBlob: true, webauthn:extension:largeBlob: true, webauthn:extension:minPinLength: true, webauthn:extension:prf: true, webauthn:virtualAuthenticators: true}
Session ID: f376bd146d8ddd8b8894d46b8308c6df
	at jdk.internal.reflect.GeneratedConstructorAccessor73.newInstance(Unknown Source)
	at java.base/jdk.internal.reflect.DelegatingConstructorAccessorImpl.newInstance(DelegatingConstructorAccessorImpl.java:45)
	at java.base/java.lang.reflect.Constructor.newInstanceWithCaller(Constructor.java:499)
	at java.base/java.lang.reflect.Constructor.newInstance(Constructor.java:480)
	at org.openqa.selenium.remote.codec.w3c.W3CHttpResponseCodec.createException(W3CHttpResponseCodec.java:200)
	at org.openqa.selenium.remote.codec.w3c.W3CHttpResponseCodec.decode(W3CHttpResponseCodec.java:133)
	at org.openqa.selenium.remote.codec.w3c.W3CHttpResponseCodec.decode(W3CHttpResponseCodec.java:52)
	at org.openqa.selenium.remote.HttpCommandExecutor.execute(HttpCommandExecutor.java:191)
	at org.openqa.selenium.remote.service.DriverCommandExecutor.invokeExecute(DriverCommandExecutor.java:200)
	at org.openqa.selenium.remote.service.DriverCommandExecutor.execute(DriverCommandExecutor.java:175)
	at org.openqa.selenium.remote.RemoteWebDriver.execute(RemoteWebDriver.java:523)
	at org.openqa.selenium.remote.ElementLocation$ElementFinder$2.findElement(ElementLocation.java:165)
	at org.openqa.selenium.remote.ElementLocation.findElement(ElementLocation.java:59)
	at org.openqa.selenium.remote.RemoteWebDriver.findElement(RemoteWebDriver.java:360)
	at org.openqa.selenium.remote.RemoteWebDriver.findElement(RemoteWebDriver.java:354)
	at org.openqa.selenium.support.ui.ExpectedConditions$6.apply(ExpectedConditions.java:171)
	at org.openqa.selenium.support.ui.ExpectedConditions$6.apply(ExpectedConditions.java:168)
	at org.openqa.selenium.support.ui.FluentWait.until(FluentWait.java:204)
	... 29 more
</pre></div></td>
<td>25</td>
<td>strongroom.TransferoutPatient@771a660</td></tr>
<tr>
<td title='strongroom.OutgoingPatient.outgoingPatient()'><b>outgoingPatient</b><br>Test class: strongroom.OutgoingPatient<br>Parameters: Outgoing Patient, overall ecase, (prilocaine) prilocaine hydrochloride 1% (50 mg/5 mL) injection, ampoule, 4ff2a345-b25f-4bdb-843a-3193ef9f70b5, Robyn Dhar, 2.0, Added Note, valeshan.naidoo@strongroom.ai, 1111</td>
<td><div><pre>org.openqa.selenium.TimeoutException: Expected condition failed: waiting for presence of element located by: By.xpath: (//td)[4] (tried for 20 second(s) with 500 milliseconds interval)
	at org.openqa.selenium.support.ui.WebDriverWait.timeoutException(WebDriverWait.java:84)
	at org.openqa.selenium.support.ui.FluentWait.until(FluentWait.java:229)
	at strongroom.OutgoingPatient.outgoingPatient(OutgoingPatient.java:62)
	at java.base/java.util.ArrayList.forEach(ArrayList.java:1511)
Caused by: org.openqa.selenium.NoSuchElementException: no such element: Unable to locate element: {&quot;method&quot;:&quot;xpath&quot;,&quot;selector&quot;:&quot;(//td)[4]&quot;}
  (Session info: chrome=120.0.6099.216)
For documentation on this error, please visit: https://www.selenium.dev/documentation/webdriver/troubleshooting/errors#no-such-element-exception
Build info: version: &apos;4.16.1&apos;, revision: &apos;9b4c83354e&apos;
System info: os.name: &apos;Linux&apos;, os.arch: &apos;amd64&apos;, os.version: &apos;5.15.0-92-generic&apos;, java.version: &apos;17.0.7&apos;
Driver info: org.openqa.selenium.chrome.ChromeDriver
Command: [4ec06caaf8ccc8528522b30da3c9dd06, findElement {using=xpath, value=(//td)[4]}]
Capabilities {acceptInsecureCerts: false, browserName: chrome, browserVersion: 120.0.6099.216, chrome: {chromedriverVersion: 120.0.6099.109 (3419140ab66..., userDataDir: /tmp/.org.chromium.Chromium...}, fedcm:accounts: true, goog:chromeOptions: {debuggerAddress: localhost:39531}, networkConnectionEnabled: false, pageLoadStrategy: normal, platformName: linux, proxy: Proxy(), se:cdp: ws://localhost:39531/devtoo..., se:cdpVersion: 120.0.6099.216, setWindowRect: true, strictFileInteractability: false, timeouts: {implicit: 0, pageLoad: 300000, script: 30000}, unhandledPromptBehavior: dismiss and notify, webauthn:extension:credBlob: true, webauthn:extension:largeBlob: true, webauthn:extension:minPinLength: true, webauthn:extension:prf: true, webauthn:virtualAuthenticators: true}
Session ID: 4ec06caaf8ccc8528522b30da3c9dd06
	at org.openqa.selenium.remote.codec.w3c.W3CHttpResponseCodec.createException(W3CHttpResponseCodec.java:200)
	at org.openqa.selenium.remote.codec.w3c.W3CHttpResponseCodec.decode(W3CHttpResponseCodec.java:133)
	at org.openqa.selenium.remote.codec.w3c.W3CHttpResponseCodec.decode(W3CHttpResponseCodec.java:52)
	at org.openqa.selenium.remote.HttpCommandExecutor.execute(HttpCommandExecutor.java:191)
	at org.openqa.selenium.remote.service.DriverCommandExecutor.invokeExecute(DriverCommandExecutor.java:200)
	at org.openqa.selenium.remote.service.DriverCommandExecutor.execute(DriverCommandExecutor.java:175)
	at org.openqa.selenium.remote.RemoteWebDriver.execute(RemoteWebDriver.java:523)
	at org.openqa.selenium.remote.ElementLocation$ElementFinder$2.findElement(ElementLocation.java:165)
	at org.openqa.selenium.remote.ElementLocation.findElement(ElementLocation.java:59)
	at org.openqa.selenium.remote.RemoteWebDriver.findElement(RemoteWebDriver.java:360)
	at org.openqa.selenium.remote.RemoteWebDriver.findElement(RemoteWebDriver.java:354)
	at org.openqa.selenium.support.ui.ExpectedConditions$6.apply(ExpectedConditions.java:171)
	at org.openqa.selenium.support.ui.ExpectedConditions$6.apply(ExpectedConditions.java:168)
	at org.openqa.selenium.support.ui.FluentWait.until(FluentWait.java:204)
	... 29 more
... Removed 31 stack frames</pre></div><a href='#' onClick='toggleBox("stack-trace1336290029", this, "Click to show all stack frames", "Click to hide stack frames")'>Click to show all stack frames</a>
<div class='stack-trace' id='stack-trace1336290029'><pre>org.openqa.selenium.TimeoutException: Expected condition failed: waiting for presence of element located by: By.xpath: (//td)[4] (tried for 20 second(s) with 500 milliseconds interval)
	at org.openqa.selenium.support.ui.WebDriverWait.timeoutException(WebDriverWait.java:84)
	at org.openqa.selenium.support.ui.FluentWait.until(FluentWait.java:229)
	at strongroom.OutgoingPatient.outgoingPatient(OutgoingPatient.java:62)
	at java.base/jdk.internal.reflect.NativeMethodAccessorImpl.invoke0(Native Method)
	at java.base/jdk.internal.reflect.NativeMethodAccessorImpl.invoke(NativeMethodAccessorImpl.java:77)
	at java.base/jdk.internal.reflect.DelegatingMethodAccessorImpl.invoke(DelegatingMethodAccessorImpl.java:43)
	at java.base/java.lang.reflect.Method.invoke(Method.java:568)
	at org.testng.internal.MethodInvocationHelper.invokeMethod(MethodInvocationHelper.java:133)
	at org.testng.internal.TestInvoker.invokeMethod(TestInvoker.java:598)
	at org.testng.internal.TestInvoker.invokeTestMethod(TestInvoker.java:173)
	at org.testng.internal.MethodRunner.runInSequence(MethodRunner.java:46)
	at org.testng.internal.TestInvoker$MethodInvocationAgent.invoke(TestInvoker.java:824)
	at org.testng.internal.TestInvoker.invokeTestMethods(TestInvoker.java:146)
	at org.testng.internal.TestMethodWorker.invokeTestMethods(TestMethodWorker.java:146)
	at org.testng.internal.TestMethodWorker.run(TestMethodWorker.java:128)
	at java.base/java.util.ArrayList.forEach(ArrayList.java:1511)
	at org.testng.TestRunner.privateRun(TestRunner.java:794)
	at org.testng.TestRunner.run(TestRunner.java:596)
	at org.testng.SuiteRunner.runTest(SuiteRunner.java:377)
	at org.testng.SuiteRunner.runSequentially(SuiteRunner.java:371)
	at org.testng.SuiteRunner.privateRun(SuiteRunner.java:332)
	at org.testng.SuiteRunner.run(SuiteRunner.java:276)
	at org.testng.SuiteRunnerWorker.runSuite(SuiteRunnerWorker.java:53)
	at org.testng.SuiteRunnerWorker.run(SuiteRunnerWorker.java:96)
	at org.testng.TestNG.runSuitesSequentially(TestNG.java:1212)
	at org.testng.TestNG.runSuitesLocally(TestNG.java:1134)
	at org.testng.TestNG.runSuites(TestNG.java:1063)
	at org.testng.TestNG.run(TestNG.java:1031)
	at org.testng.remote.AbstractRemoteTestNG.run(AbstractRemoteTestNG.java:115)
	at org.testng.remote.RemoteTestNG.initAndRun(RemoteTestNG.java:251)
	at org.testng.remote.RemoteTestNG.main(RemoteTestNG.java:77)
Caused by: org.openqa.selenium.NoSuchElementException: no such element: Unable to locate element: {&quot;method&quot;:&quot;xpath&quot;,&quot;selector&quot;:&quot;(//td)[4]&quot;}
  (Session info: chrome=120.0.6099.216)
For documentation on this error, please visit: https://www.selenium.dev/documentation/webdriver/troubleshooting/errors#no-such-element-exception
Build info: version: &apos;4.16.1&apos;, revision: &apos;9b4c83354e&apos;
System info: os.name: &apos;Linux&apos;, os.arch: &apos;amd64&apos;, os.version: &apos;5.15.0-92-generic&apos;, java.version: &apos;17.0.7&apos;
Driver info: org.openqa.selenium.chrome.ChromeDriver
Command: [4ec06caaf8ccc8528522b30da3c9dd06, findElement {using=xpath, value=(//td)[4]}]
Capabilities {acceptInsecureCerts: false, browserName: chrome, browserVersion: 120.0.6099.216, chrome: {chromedriverVersion: 120.0.6099.109 (3419140ab66..., userDataDir: /tmp/.org.chromium.Chromium...}, fedcm:accounts: true, goog:chromeOptions: {debuggerAddress: localhost:39531}, networkConnectionEnabled: false, pageLoadStrategy: normal, platformName: linux, proxy: Proxy(), se:cdp: ws://localhost:39531/devtoo..., se:cdpVersion: 120.0.6099.216, setWindowRect: true, strictFileInteractability: false, timeouts: {implicit: 0, pageLoad: 300000, script: 30000}, unhandledPromptBehavior: dismiss and notify, webauthn:extension:credBlob: true, webauthn:extension:largeBlob: true, webauthn:extension:minPinLength: true, webauthn:extension:prf: true, webauthn:virtualAuthenticators: true}
Session ID: 4ec06caaf8ccc8528522b30da3c9dd06
	at jdk.internal.reflect.GeneratedConstructorAccessor73.newInstance(Unknown Source)
	at java.base/jdk.internal.reflect.DelegatingConstructorAccessorImpl.newInstance(DelegatingConstructorAccessorImpl.java:45)
	at java.base/java.lang.reflect.Constructor.newInstanceWithCaller(Constructor.java:499)
	at java.base/java.lang.reflect.Constructor.newInstance(Constructor.java:480)
	at org.openqa.selenium.remote.codec.w3c.W3CHttpResponseCodec.createException(W3CHttpResponseCodec.java:200)
	at org.openqa.selenium.remote.codec.w3c.W3CHttpResponseCodec.decode(W3CHttpResponseCodec.java:133)
	at org.openqa.selenium.remote.codec.w3c.W3CHttpResponseCodec.decode(W3CHttpResponseCodec.java:52)
	at org.openqa.selenium.remote.HttpCommandExecutor.execute(HttpCommandExecutor.java:191)
	at org.openqa.selenium.remote.service.DriverCommandExecutor.invokeExecute(DriverCommandExecutor.java:200)
	at org.openqa.selenium.remote.service.DriverCommandExecutor.execute(DriverCommandExecutor.java:175)
	at org.openqa.selenium.remote.RemoteWebDriver.execute(RemoteWebDriver.java:523)
	at org.openqa.selenium.remote.ElementLocation$ElementFinder$2.findElement(ElementLocation.java:165)
	at org.openqa.selenium.remote.ElementLocation.findElement(ElementLocation.java:59)
	at org.openqa.selenium.remote.RemoteWebDriver.findElement(RemoteWebDriver.java:360)
	at org.openqa.selenium.remote.RemoteWebDriver.findElement(RemoteWebDriver.java:354)
	at org.openqa.selenium.support.ui.ExpectedConditions$6.apply(ExpectedConditions.java:171)
	at org.openqa.selenium.support.ui.ExpectedConditions$6.apply(ExpectedConditions.java:168)
	at org.openqa.selenium.support.ui.FluentWait.until(FluentWait.java:204)
	... 29 more
</pre></div></td>
<td>25</td>
<td>strongroom.OutgoingPatient@52b1beb6</td></tr>
</table><p>
<table width='100%' border='1' class='invocation-passed'>
<tr><td colspan='4' align='center'><b>PASSED TESTS</b></td></tr>
<tr><td><b>Test method</b></td>
<td width="30%"><b>Exception</b></td>
<td width="10%"><b>Time (seconds)</b></td>
<td><b>Instance</b></td>
</tr>
<tr>
<td title='strongroom.Outgoingimprest.outgoingimprest()'><b>outgoingimprest</b><br>Test class: strongroom.Outgoingimprest<br>Parameters: Outgoing Patient, overall ecase, (prilocaine) prilocaine hydrochloride 1% (50 mg/5 mL) injection, ampoule, 4ff2a345-b25f-4bdb-843a-3193ef9f70b5, Robyn Dhar, 2.0, Added Note, valeshan.naidoo@strongroom.ai, 1111</td>
<td></td>
<td>0</td>
<td>strongroom.Outgoingimprest@53aac487</td></tr>
<tr>
<td title='strongroom.TransferoutPatient.transferoutPatient()'><b>transferoutPatient</b><br>Test class: strongroom.TransferoutPatient<br>Parameters: Destroy imprest, Imprest, (methadone) methadone hydrochloride 500 microgram/mL oral liquid, 251f26cf-275f-417b-ac18-be0e8267078e, Matilda Kerr, 2.0, Added Note, valeshan.naidoo@strongroom.ai, 1111</td>
<td></td>
<td>0</td>
<td>strongroom.TransferoutPatient@771a660</td></tr>
<tr>
<td title='strongroom.TransferinPatient.transferinPatient()'><b>transferinPatient</b><br>Test class: strongroom.TransferinPatient<br>Parameters: Transfer in Patient, External facility, (bromocriptine) bromocriptine 5 mg capsule, 54eb5c05-efe3-4feb-b599-314ecc93cfb9, Jerry RAC004, 2.0, Added Note, valeshan.naidoo@strongroom.ai, 1111</td>
<td></td>
<td>37</td>
<td>strongroom.TransferinPatient@7db12bb6</td></tr>
<tr>
<td title='strongroom.TransferinPatient.transferinPatient()'><b>transferinPatient</b><br>Test class: strongroom.TransferinPatient<br>Parameters: Transfer in Imprest, WA Nursing Home, (docusate + sennoside B) Soflax (AN) tablet, 5e26790f-e97b-47a9-978b-e42b5915acbc, Arvind Nath, 2.0, Added Note, valeshan.naidoo@strongroom.ai, 1111</td>
<td></td>
<td>0</td>
<td>strongroom.TransferinPatient@7db12bb6</td></tr>
<tr>
<td title='strongroom.Outgoingimprest.outgoingimprest()'><b>outgoingimprest</b><br>Test class: strongroom.Outgoingimprest<br>Parameters: Destroy Patient, Final Facility, (gentamicin) gentamicin 40 mg/mL injection, ampoule, 076bdc53-820c-4e06-b7de-bb14bdfba61b, Perry Grant, 2.0, Added Note, valeshan.naidoo@strongroom.ai, 1111</td>
<td></td>
<td>0</td>
<td>strongroom.Outgoingimprest@53aac487</td></tr>
<tr>
<td title='strongroom.TransferinImprest.transferinImprest()'><b>transferinImprest</b><br>Test class: strongroom.TransferinImprest<br>Parameters: Transfer in Patient, External facility, (bromocriptine) bromocriptine 5 mg capsule, 54eb5c05-efe3-4feb-b599-314ecc93cfb9, Jerry RAC004, 2.0, Added Note, valeshan.naidoo@strongroom.ai, 1111</td>
<td></td>
<td>0</td>
<td>strongroom.TransferinImprest@273e7444</td></tr>
<tr>
<td title='strongroom.OutgoingPatient.outgoingPatient()'><b>outgoingPatient</b><br>Test class: strongroom.OutgoingPatient<br>Parameters: Transfer in Patient, External facility, (bromocriptine) bromocriptine 5 mg capsule, 54eb5c05-efe3-4feb-b599-314ecc93cfb9, Jerry RAC004, 2.0, Added Note, valeshan.naidoo@strongroom.ai, 1111</td>
<td></td>
<td>0</td>
<td>strongroom.OutgoingPatient@52b1beb6</td></tr>
<tr>
<td title='strongroom.TransferoutPatient.transferoutPatient()'><b>transferoutPatient</b><br>Test class: strongroom.TransferoutPatient<br>Parameters: Outgoing imprest, Pharmacy, (amoxicillin) Yomax 500 mg capsule, 108f9bc3-ef0d-4936-bcf7-d67034d0531b, David Springer, 2.0, Added Note, valeshan.naidoo@strongroom.ai, 1111</td>
<td></td>
<td>0</td>
<td>strongroom.TransferoutPatient@771a660</td></tr>
<tr>
<td title='strongroom.TransferinImprest.transferinImprest()'><b>transferinImprest</b><br>Test class: strongroom.TransferinImprest<br>Parameters: Transfer out Imprest, Facility 3, (amoxicillin) amoxicillin 500 mg capsule, 40334233-18a9-4ca6-96a8-001718ec55e3, Windsor Charles, 2.0, Added Note, valeshan.naidoo@strongroom.ai, 1111</td>
<td></td>
<td>0</td>
<td>strongroom.TransferinImprest@273e7444</td></tr>
<tr>
<td title='strongroom.TransferinImprest.transferinImprest()'><b>transferinImprest</b><br>Test class: strongroom.TransferinImprest<br>Parameters: Transfer in Imprest, WA Nursing Home, (docusate + sennoside B) Soflax (AN) tablet, 5e26790f-e97b-47a9-978b-e42b5915acbc, Arvind Nath, 2.0, Added Note, valeshan.naidoo@strongroom.ai, 1111</td>
<td></td>
<td>32</td>
<td>strongroom.TransferinImprest@273e7444</td></tr>
<tr>
<td title='strongroom.TransferinImprest.transferinImprest()'><b>transferinImprest</b><br>Test class: strongroom.TransferinImprest<br>Parameters: Outgoing imprest, Pharmacy, (amoxicillin) Yomax 500 mg capsule, 108f9bc3-ef0d-4936-bcf7-d67034d0531b, David Springer, 2.0, Added Note, valeshan.naidoo@strongroom.ai, 1111</td>
<td></td>
<td>0</td>
<td>strongroom.TransferinImprest@273e7444</td></tr>
<tr>
<td title='strongroom.TransferoutPatient.transferoutPatient()'><b>transferoutPatient</b><br>Test class: strongroom.TransferoutPatient<br>Parameters: Destroy Patient, Final Facility, (gentamicin) gentamicin 40 mg/mL injection, ampoule, 076bdc53-820c-4e06-b7de-bb14bdfba61b, Perry Grant, 2.0, Added Note, valeshan.naidoo@strongroom.ai, 1111</td>
<td></td>
<td>0</td>
<td>strongroom.TransferoutPatient@771a660</td></tr>
<tr>
<td title='strongroom.OutgoingPatient.outgoingPatient()'><b>outgoingPatient</b><br>Test class: strongroom.OutgoingPatient<br>Parameters: Destroy Patient, Final Facility, (gentamicin) gentamicin 40 mg/mL injection, ampoule, 076bdc53-820c-4e06-b7de-bb14bdfba61b, Perry Grant, 2.0, Added Note, valeshan.naidoo@strongroom.ai, 1111</td>
<td></td>
<td>0</td>
<td>strongroom.OutgoingPatient@52b1beb6</td></tr>
<tr>
<td title='strongroom.OutgoingPatient.outgoingPatient()'><b>outgoingPatient</b><br>Test class: strongroom.OutgoingPatient<br>Parameters: Destroy imprest, Imprest, (methadone) methadone hydrochloride 500 microgram/mL oral liquid, 251f26cf-275f-417b-ac18-be0e8267078e, Matilda Kerr, 2.0, Added Note, valeshan.naidoo@strongroom.ai, 1111</td>
<td></td>
<td>0</td>
<td>strongroom.OutgoingPatient@52b1beb6</td></tr>
<tr>
<td title='strongroom.OutgoingPatient.outgoingPatient()'><b>outgoingPatient</b><br>Test class: strongroom.OutgoingPatient<br>Parameters: Outgoing imprest, Pharmacy, (amoxicillin) Yomax 500 mg capsule, 108f9bc3-ef0d-4936-bcf7-d67034d0531b, David Springer, 2.0, Added Note, valeshan.naidoo@strongroom.ai, 1111</td>
<td></td>
<td>0</td>
<td>strongroom.OutgoingPatient@52b1beb6</td></tr>
<tr>
<td title='strongroom.DestroyPatient.destroyPatient()'><b>destroyPatient</b><br>Test class: strongroom.DestroyPatient<br>Parameters: Outgoing imprest, Pharmacy, (amoxicillin) Yomax 500 mg capsule, 108f9bc3-ef0d-4936-bcf7-d67034d0531b, David Springer, 2.0, Added Note, valeshan.naidoo@strongroom.ai, 1111</td>
<td></td>
<td>0</td>
<td>strongroom.DestroyPatient@54e1c68b</td></tr>
<tr>
<td title='strongroom.Destroyimprest.destroyimprest()'><b>destroyimprest</b><br>Test class: strongroom.Destroyimprest<br>Parameters: Destroy Patient, Final Facility, (gentamicin) gentamicin 40 mg/mL injection, ampoule, 076bdc53-820c-4e06-b7de-bb14bdfba61b, Perry Grant, 2.0, Added Note, valeshan.naidoo@strongroom.ai, 1111</td>
<td></td>
<td>0</td>
<td>strongroom.Destroyimprest@59505b48</td></tr>
<tr>
<td title='strongroom.TransferinPatient.transferinPatient()'><b>transferinPatient</b><br>Test class: strongroom.TransferinPatient<br>Parameters: Transfer out Patient, Loc-1, (lidocaine) lidocaine hydrochloride 4% cream, f7f38e97-83e8-49d4-ba47-fb184baa8675, Pamela Butler, 2.0, Added Note, valeshan.naidoo@strongroom.ai, 1111</td>
<td></td>
<td>0</td>
<td>strongroom.TransferinPatient@7db12bb6</td></tr>
<tr>
<td title='strongroom.TransferoutPatient.transferoutPatient()'><b>transferoutPatient</b><br>Test class: strongroom.TransferoutPatient<br>Parameters: Outgoing Patient, overall ecase, (prilocaine) prilocaine hydrochloride 1% (50 mg/5 mL) injection, ampoule, 4ff2a345-b25f-4bdb-843a-3193ef9f70b5, Robyn Dhar, 2.0, Added Note, valeshan.naidoo@strongroom.ai, 1111</td>
<td></td>
<td>0</td>
<td>strongroom.TransferoutPatient@771a660</td></tr>
<tr>
<td title='strongroom.Outgoingimprest.outgoingimprest()'><b>outgoingimprest</b><br>Test class: strongroom.Outgoingimprest<br>Parameters: Destroy imprest, Imprest, (methadone) methadone hydrochloride 500 microgram/mL oral liquid, 251f26cf-275f-417b-ac18-be0e8267078e, Matilda Kerr, 2.0, Added Note, valeshan.naidoo@strongroom.ai, 1111</td>
<td></td>
<td>0</td>
<td>strongroom.Outgoingimprest@53aac487</td></tr>
<tr>
<td title='strongroom.TransferoutPatient.transferoutPatient()'><b>transferoutPatient</b><br>Test class: strongroom.TransferoutPatient<br>Parameters: Transfer in Imprest, WA Nursing Home, (docusate + sennoside B) Soflax (AN) tablet, 5e26790f-e97b-47a9-978b-e42b5915acbc, Arvind Nath, 2.0, Added Note, valeshan.naidoo@strongroom.ai, 1111</td>
<td></td>
<td>0</td>
<td>strongroom.TransferoutPatient@771a660</td></tr>
<tr>
<td title='strongroom.DestroyPatient.destroyPatient()'><b>destroyPatient</b><br>Test class: strongroom.DestroyPatient<br>Parameters: Transfer in Patient, External facility, (bromocriptine) bromocriptine 5 mg capsule, 54eb5c05-efe3-4feb-b599-314ecc93cfb9, Jerry RAC004, 2.0, Added Note, valeshan.naidoo@strongroom.ai, 1111</td>
<td></td>
<td>0</td>
<td>strongroom.DestroyPatient@54e1c68b</td></tr>
<tr>
<td title='strongroom.DestroyPatient.destroyPatient()'><b>destroyPatient</b><br>Test class: strongroom.DestroyPatient<br>Parameters: Transfer in Imprest, WA Nursing Home, (docusate + sennoside B) Soflax (AN) tablet, 5e26790f-e97b-47a9-978b-e42b5915acbc, Arvind Nath, 2.0, Added Note, valeshan.naidoo@strongroom.ai, 1111</td>
<td></td>
<td>0</td>
<td>strongroom.DestroyPatient@54e1c68b</td></tr>
<tr>
<td title='strongroom.Destroyimprest.destroyimprest()'><b>destroyimprest</b><br>Test class: strongroom.Destroyimprest<br>Parameters: Transfer in Patient, External facility, (bromocriptine) bromocriptine 5 mg capsule, 54eb5c05-efe3-4feb-b599-314ecc93cfb9, Jerry RAC004, 2.0, Added Note, valeshan.naidoo@strongroom.ai, 1111</td>
<td></td>
<td>0</td>
<td>strongroom.Destroyimprest@59505b48</td></tr>
<tr>
<td title='strongroom.TransferinPatient.transferinPatient()'><b>transferinPatient</b><br>Test class: strongroom.TransferinPatient<br>Parameters: Destroy imprest, Imprest, (methadone) methadone hydrochloride 500 microgram/mL oral liquid, 251f26cf-275f-417b-ac18-be0e8267078e, Matilda Kerr, 2.0, Added Note, valeshan.naidoo@strongroom.ai, 1111</td>
<td></td>
<td>0</td>
<td>strongroom.TransferinPatient@7db12bb6</td></tr>
<tr>
<td title='strongroom.TransferinPatient.transferinPatient()'><b>transferinPatient</b><br>Test class: strongroom.TransferinPatient<br>Parameters: Outgoing Patient, overall ecase, (prilocaine) prilocaine hydrochloride 1% (50 mg/5 mL) injection, ampoule, 4ff2a345-b25f-4bdb-843a-3193ef9f70b5, Robyn Dhar, 2.0, Added Note, valeshan.naidoo@strongroom.ai, 1111</td>
<td></td>
<td>0</td>
<td>strongroom.TransferinPatient@7db12bb6</td></tr>
<tr>
<td title='strongroom.TransferinPatient.transferinPatient()'><b>transferinPatient</b><br>Test class: strongroom.TransferinPatient<br>Parameters: Outgoing imprest, Pharmacy, (amoxicillin) Yomax 500 mg capsule, 108f9bc3-ef0d-4936-bcf7-d67034d0531b, David Springer, 2.0, Added Note, valeshan.naidoo@strongroom.ai, 1111</td>
<td></td>
<td>0</td>
<td>strongroom.TransferinPatient@7db12bb6</td></tr>
<tr>
<td title='strongroom.TransferinImprest.transferinImprest()'><b>transferinImprest</b><br>Test class: strongroom.TransferinImprest<br>Parameters: Destroy imprest, Imprest, (methadone) methadone hydrochloride 500 microgram/mL oral liquid, 251f26cf-275f-417b-ac18-be0e8267078e, Matilda Kerr, 2.0, Added Note, valeshan.naidoo@strongroom.ai, 1111</td>
<td></td>
<td>0</td>
<td>strongroom.TransferinImprest@273e7444</td></tr>
<tr>
<td title='strongroom.Outgoingimprest.outgoingimprest()'><b>outgoingimprest</b><br>Test class: strongroom.Outgoingimprest<br>Parameters: Transfer in Patient, External facility, (bromocriptine) bromocriptine 5 mg capsule, 54eb5c05-efe3-4feb-b599-314ecc93cfb9, Jerry RAC004, 2.0, Added Note, valeshan.naidoo@strongroom.ai, 1111</td>
<td></td>
<td>0</td>
<td>strongroom.Outgoingimprest@53aac487</td></tr>
<tr>
<td title='strongroom.Outgoingimprest.outgoingimprest()'><b>outgoingimprest</b><br>Test class: strongroom.Outgoingimprest<br>Parameters: Outgoing imprest, Pharmacy, (amoxicillin) Yomax 500 mg capsule, 108f9bc3-ef0d-4936-bcf7-d67034d0531b, David Springer, 2.0, Added Note, valeshan.naidoo@strongroom.ai, 1111</td>
<td></td>
<td>31</td>
<td>strongroom.Outgoingimprest@53aac487</td></tr>
<tr>
<td title='strongroom.OutgoingPatient.outgoingPatient()'><b>outgoingPatient</b><br>Test class: strongroom.OutgoingPatient<br>Parameters: Transfer in Imprest, WA Nursing Home, (docusate + sennoside B) Soflax (AN) tablet, 5e26790f-e97b-47a9-978b-e42b5915acbc, Arvind Nath, 2.0, Added Note, valeshan.naidoo@strongroom.ai, 1111</td>
<td></td>
<td>0</td>
<td>strongroom.OutgoingPatient@52b1beb6</td></tr>
<tr>
<td title='strongroom.Destroyimprest.destroyimprest()'><b>destroyimprest</b><br>Test class: strongroom.Destroyimprest<br>Parameters: Destroy imprest, Imprest, (methadone) methadone hydrochloride 500 microgram/mL oral liquid, 251f26cf-275f-417b-ac18-be0e8267078e, Matilda Kerr, 2.0, Added Note, valeshan.naidoo@strongroom.ai, 1111</td>
<td></td>
<td>30</td>
<td>strongroom.Destroyimprest@59505b48</td></tr>
<tr>
<td title='strongroom.Outgoingimprest.outgoingimprest()'><b>outgoingimprest</b><br>Test class: strongroom.Outgoingimprest<br>Parameters: Transfer in Imprest, WA Nursing Home, (docusate + sennoside B) Soflax (AN) tablet, 5e26790f-e97b-47a9-978b-e42b5915acbc, Arvind Nath, 2.0, Added Note, valeshan.naidoo@strongroom.ai, 1111</td>
<td></td>
<td>0</td>
<td>strongroom.Outgoingimprest@53aac487</td></tr>
<tr>
<td title='strongroom.TransferinImprest.transferinImprest()'><b>transferinImprest</b><br>Test class: strongroom.TransferinImprest<br>Parameters: Destroy Patient, Final Facility, (gentamicin) gentamicin 40 mg/mL injection, ampoule, 076bdc53-820c-4e06-b7de-bb14bdfba61b, Perry Grant, 2.0, Added Note, valeshan.naidoo@strongroom.ai, 1111</td>
<td></td>
<td>0</td>
<td>strongroom.TransferinImprest@273e7444</td></tr>
<tr>
<td title='strongroom.OutgoingPatient.outgoingPatient()'><b>outgoingPatient</b><br>Test class: strongroom.OutgoingPatient<br>Parameters: Transfer out Patient, Loc-1, (lidocaine) lidocaine hydrochloride 4% cream, f7f38e97-83e8-49d4-ba47-fb184baa8675, Pamela Butler, 2.0, Added Note, valeshan.naidoo@strongroom.ai, 1111</td>
<td></td>
<td>0</td>
<td>strongroom.OutgoingPatient@52b1beb6</td></tr>
<tr>
<td title='strongroom.Destroyimprest.destroyimprest()'><b>destroyimprest</b><br>Test class: strongroom.Destroyimprest<br>Parameters: Transfer out Imprest, Facility 3, (amoxicillin) amoxicillin 500 mg capsule, 40334233-18a9-4ca6-96a8-001718ec55e3, Windsor Charles, 2.0, Added Note, valeshan.naidoo@strongroom.ai, 1111</td>
<td></td>
<td>0</td>
<td>strongroom.Destroyimprest@59505b48</td></tr>
<tr>
<td title='strongroom.DestroyPatient.destroyPatient()'><b>destroyPatient</b><br>Test class: strongroom.DestroyPatient<br>Parameters: Destroy Patient, Final Facility, (gentamicin) gentamicin 40 mg/mL injection, ampoule, 076bdc53-820c-4e06-b7de-bb14bdfba61b, Perry Grant, 2.0, Added Note, valeshan.naidoo@strongroom.ai, 1111</td>
<td></td>
<td>31</td>
<td>strongroom.DestroyPatient@54e1c68b</td></tr>
<tr>
<td title='strongroom.TransferoutPatient.transferoutPatient()'><b>transferoutPatient</b><br>Test class: strongroom.TransferoutPatient<br>Parameters: Transfer out Imprest, Facility 3, (amoxicillin) amoxicillin 500 mg capsule, 40334233-18a9-4ca6-96a8-001718ec55e3, Windsor Charles, 2.0, Added Note, valeshan.naidoo@strongroom.ai, 1111</td>
<td></td>
<td>0</td>
<td>strongroom.TransferoutPatient@771a660</td></tr>
<tr>
<td title='strongroom.Outgoingimprest.outgoingimprest()'><b>outgoingimprest</b><br>Test class: strongroom.Outgoingimprest<br>Parameters: Transfer out Patient, Loc-1, (lidocaine) lidocaine hydrochloride 4% cream, f7f38e97-83e8-49d4-ba47-fb184baa8675, Pamela Butler, 2.0, Added Note, valeshan.naidoo@strongroom.ai, 1111</td>
<td></td>
<td>0</td>
<td>strongroom.Outgoingimprest@53aac487</td></tr>
<tr>
<td title='strongroom.DestroyPatient.destroyPatient()'><b>destroyPatient</b><br>Test class: strongroom.DestroyPatient<br>Parameters: Transfer out Patient, Loc-1, (lidocaine) lidocaine hydrochloride 4% cream, f7f38e97-83e8-49d4-ba47-fb184baa8675, Pamela Butler, 2.0, Added Note, valeshan.naidoo@strongroom.ai, 1111</td>
<td></td>
<td>0</td>
<td>strongroom.DestroyPatient@54e1c68b</td></tr>
<tr>
<td title='strongroom.TransferinImprest.transferinImprest()'><b>transferinImprest</b><br>Test class: strongroom.TransferinImprest<br>Parameters: Transfer out Patient, Loc-1, (lidocaine) lidocaine hydrochloride 4% cream, f7f38e97-83e8-49d4-ba47-fb184baa8675, Pamela Butler, 2.0, Added Note, valeshan.naidoo@strongroom.ai, 1111</td>
<td></td>
<td>0</td>
<td>strongroom.TransferinImprest@273e7444</td></tr>
<tr>
<td title='strongroom.TransferinPatient.transferinPatient()'><b>transferinPatient</b><br>Test class: strongroom.TransferinPatient<br>Parameters: Transfer out Imprest, Facility 3, (amoxicillin) amoxicillin 500 mg capsule, 40334233-18a9-4ca6-96a8-001718ec55e3, Windsor Charles, 2.0, Added Note, valeshan.naidoo@strongroom.ai, 1111</td>
<td></td>
<td>0</td>
<td>strongroom.TransferinPatient@7db12bb6</td></tr>
<tr>
<td title='strongroom.Destroyimprest.destroyimprest()'><b>destroyimprest</b><br>Test class: strongroom.Destroyimprest<br>Parameters: Outgoing imprest, Pharmacy, (amoxicillin) Yomax 500 mg capsule, 108f9bc3-ef0d-4936-bcf7-d67034d0531b, David Springer, 2.0, Added Note, valeshan.naidoo@strongroom.ai, 1111</td>
<td></td>
<td>0</td>
<td>strongroom.Destroyimprest@59505b48</td></tr>
<tr>
<td title='strongroom.DestroyPatient.destroyPatient()'><b>destroyPatient</b><br>Test class: strongroom.DestroyPatient<br>Parameters: Destroy imprest, Imprest, (methadone) methadone hydrochloride 500 microgram/mL oral liquid, 251f26cf-275f-417b-ac18-be0e8267078e, Matilda Kerr, 2.0, Added Note, valeshan.naidoo@strongroom.ai, 1111</td>
<td></td>
<td>0</td>
<td>strongroom.DestroyPatient@54e1c68b</td></tr>
<tr>
<td title='strongroom.TransferoutPatient.transferoutPatient()'><b>transferoutPatient</b><br>Test class: strongroom.TransferoutPatient<br>Parameters: Transfer in Patient, External facility, (bromocriptine) bromocriptine 5 mg capsule, 54eb5c05-efe3-4feb-b599-314ecc93cfb9, Jerry RAC004, 2.0, Added Note, valeshan.naidoo@strongroom.ai, 1111</td>
<td></td>
<td>0</td>
<td>strongroom.TransferoutPatient@771a660</td></tr>
<tr>
<td title='strongroom.Destroyimprest.destroyimprest()'><b>destroyimprest</b><br>Test class: strongroom.Destroyimprest<br>Parameters: Transfer out Patient, Loc-1, (lidocaine) lidocaine hydrochloride 4% cream, f7f38e97-83e8-49d4-ba47-fb184baa8675, Pamela Butler, 2.0, Added Note, valeshan.naidoo@strongroom.ai, 1111</td>
<td></td>
<td>0</td>
<td>strongroom.Destroyimprest@59505b48</td></tr>
<tr>
<td title='strongroom.TransferinImprest.transferinImprest()'><b>transferinImprest</b><br>Test class: strongroom.TransferinImprest<br>Parameters: Outgoing Patient, overall ecase, (prilocaine) prilocaine hydrochloride 1% (50 mg/5 mL) injection, ampoule, 4ff2a345-b25f-4bdb-843a-3193ef9f70b5, Robyn Dhar, 2.0, Added Note, valeshan.naidoo@strongroom.ai, 1111</td>
<td></td>
<td>0</td>
<td>strongroom.TransferinImprest@273e7444</td></tr>
<tr>
<td title='strongroom.Destroyimprest.destroyimprest()'><b>destroyimprest</b><br>Test class: strongroom.Destroyimprest<br>Parameters: Outgoing Patient, overall ecase, (prilocaine) prilocaine hydrochloride 1% (50 mg/5 mL) injection, ampoule, 4ff2a345-b25f-4bdb-843a-3193ef9f70b5, Robyn Dhar, 2.0, Added Note, valeshan.naidoo@strongroom.ai, 1111</td>
<td></td>
<td>0</td>
<td>strongroom.Destroyimprest@59505b48</td></tr>
<tr>
<td title='strongroom.TransferinPatient.transferinPatient()'><b>transferinPatient</b><br>Test class: strongroom.TransferinPatient<br>Parameters: Destroy Patient, Final Facility, (gentamicin) gentamicin 40 mg/mL injection, ampoule, 076bdc53-820c-4e06-b7de-bb14bdfba61b, Perry Grant, 2.0, Added Note, valeshan.naidoo@strongroom.ai, 1111</td>
<td></td>
<td>0</td>
<td>strongroom.TransferinPatient@7db12bb6</td></tr>
<tr>
<td title='strongroom.Outgoingimprest.outgoingimprest()'><b>outgoingimprest</b><br>Test class: strongroom.Outgoingimprest<br>Parameters: Transfer out Imprest, Facility 3, (amoxicillin) amoxicillin 500 mg capsule, 40334233-18a9-4ca6-96a8-001718ec55e3, Windsor Charles, 2.0, Added Note, valeshan.naidoo@strongroom.ai, 1111</td>
<td></td>
<td>0</td>
<td>strongroom.Outgoingimprest@53aac487</td></tr>
<tr>
<td title='strongroom.DestroyPatient.destroyPatient()'><b>destroyPatient</b><br>Test class: strongroom.DestroyPatient<br>Parameters: Outgoing Patient, overall ecase, (prilocaine) prilocaine hydrochloride 1% (50 mg/5 mL) injection, ampoule, 4ff2a345-b25f-4bdb-843a-3193ef9f70b5, Robyn Dhar, 2.0, Added Note, valeshan.naidoo@strongroom.ai, 1111</td>
<td></td>
<td>0</td>
<td>strongroom.DestroyPatient@54e1c68b</td></tr>
<tr>
<td title='strongroom.DestroyPatient.destroyPatient()'><b>destroyPatient</b><br>Test class: strongroom.DestroyPatient<br>Parameters: Transfer out Imprest, Facility 3, (amoxicillin) amoxicillin 500 mg capsule, 40334233-18a9-4ca6-96a8-001718ec55e3, Windsor Charles, 2.0, Added Note, valeshan.naidoo@strongroom.ai, 1111</td>
<td></td>
<td>0</td>
<td>strongroom.DestroyPatient@54e1c68b</td></tr>
<tr>
<td title='strongroom.Destroyimprest.destroyimprest()'><b>destroyimprest</b><br>Test class: strongroom.Destroyimprest<br>Parameters: Transfer in Imprest, WA Nursing Home, (docusate + sennoside B) Soflax (AN) tablet, 5e26790f-e97b-47a9-978b-e42b5915acbc, Arvind Nath, 2.0, Added Note, valeshan.naidoo@strongroom.ai, 1111</td>
<td></td>
<td>0</td>
<td>strongroom.Destroyimprest@59505b48</td></tr>
<tr>
<td title='strongroom.OutgoingPatient.outgoingPatient()'><b>outgoingPatient</b><br>Test class: strongroom.OutgoingPatient<br>Parameters: Transfer out Imprest, Facility 3, (amoxicillin) amoxicillin 500 mg capsule, 40334233-18a9-4ca6-96a8-001718ec55e3, Windsor Charles, 2.0, Added Note, valeshan.naidoo@strongroom.ai, 1111</td>
<td></td>
<td>0</td>
<td>strongroom.OutgoingPatient@52b1beb6</td></tr>
</table><p>
<table width='100%' border='1' class='invocation-skipped'>
<tr><td colspan='4' align='center'><b>SKIPPED TESTS</b></td></tr>
<tr><td><b>Test method</b></td>
<td width="30%"><b>Exception</b></td>
<td width="10%"><b>Time (seconds)</b></td>
<td><b>Instance</b></td>
</tr>
<tr>
<td title='strongroom.TransferoutImprest.transferoutImprest()'><b>transferoutImprest</b><br>Test class: strongroom.TransferoutImprest<br>Parameters: Destroy imprest, Imprest, (methadone) methadone hydrochloride 500 microgram/mL oral liquid, 251f26cf-275f-417b-ac18-be0e8267078e, Matilda Kerr, 2.0, Added Note, valeshan.naidoo@strongroom.ai, 1111</td>
<td><div><pre>org.openqa.selenium.StaleElementReferenceException: stale element reference: stale element not found
  (Session info: chrome=120.0.6099.216)
For documentation on this error, please visit: https://www.selenium.dev/documentation/webdriver/troubleshooting/errors#stale-element-reference-exception
Build info: version: &apos;4.16.1&apos;, revision: &apos;9b4c83354e&apos;
System info: os.name: &apos;Linux&apos;, os.arch: &apos;amd64&apos;, os.version: &apos;5.15.0-92-generic&apos;, java.version: &apos;17.0.7&apos;
Driver info: org.openqa.selenium.chrome.ChromeDriver
Command: [f974f43e2a4876950a3e421f4a9f8912, clickElement {id=D4824ABEEFB26ED6A37DE98BD12249A1_element_12}]
Capabilities {acceptInsecureCerts: false, browserName: chrome, browserVersion: 120.0.6099.216, chrome: {chromedriverVersion: 120.0.6099.109 (3419140ab66..., userDataDir: /tmp/.org.chromium.Chromium...}, fedcm:accounts: true, goog:chromeOptions: {debuggerAddress: localhost:45437}, networkConnectionEnabled: false, pageLoadStrategy: normal, platformName: linux, proxy: Proxy(), se:cdp: ws://localhost:45437/devtoo..., se:cdpVersion: 120.0.6099.216, setWindowRect: true, strictFileInteractability: false, timeouts: {implicit: 0, pageLoad: 300000, script: 30000}, unhandledPromptBehavior: dismiss and notify, webauthn:extension:credBlob: true, webauthn:extension:largeBlob: true, webauthn:extension:minPinLength: true, webauthn:extension:prf: true, webauthn:virtualAuthenticators: true}
Element: [[ChromeDriver: chrome on linux (f974f43e2a4876950a3e421f4a9f8912)] -&gt; xpath: //p[@class=&apos;drug-search-result&apos;][text()=&apos;Internal Testing&apos;]]
Session ID: f974f43e2a4876950a3e421f4a9f8912
	at org.openqa.selenium.remote.codec.w3c.W3CHttpResponseCodec.createException(W3CHttpResponseCodec.java:200)
	at org.openqa.selenium.remote.codec.w3c.W3CHttpResponseCodec.decode(W3CHttpResponseCodec.java:133)
	at org.openqa.selenium.remote.codec.w3c.W3CHttpResponseCodec.decode(W3CHttpResponseCodec.java:52)
	at org.openqa.selenium.remote.HttpCommandExecutor.execute(HttpCommandExecutor.java:191)
	at org.openqa.selenium.remote.service.DriverCommandExecutor.invokeExecute(DriverCommandExecutor.java:200)
	at org.openqa.selenium.remote.service.DriverCommandExecutor.execute(DriverCommandExecutor.java:175)
	at org.openqa.selenium.remote.RemoteWebDriver.execute(RemoteWebDriver.java:523)
	at org.openqa.selenium.remote.RemoteWebElement.execute(RemoteWebElement.java:224)
	at org.openqa.selenium.remote.RemoteWebElement.click(RemoteWebElement.java:77)
	at objects.LoginPage.enterLocation(LoginPage.java:86)
	at objects.LoginPage.login(LoginPage.java:71)
	at strongroom.Base.setUp(Base.java:39)
	at java.base/java.util.ArrayList.forEach(ArrayList.java:1511)
... Removed 30 stack frames</pre></div><a href='#' onClick='toggleBox("stack-trace1431694209", this, "Click to show all stack frames", "Click to hide stack frames")'>Click to show all stack frames</a>
<div class='stack-trace' id='stack-trace1431694209'><pre>org.openqa.selenium.StaleElementReferenceException: stale element reference: stale element not found
  (Session info: chrome=120.0.6099.216)
For documentation on this error, please visit: https://www.selenium.dev/documentation/webdriver/troubleshooting/errors#stale-element-reference-exception
Build info: version: &apos;4.16.1&apos;, revision: &apos;9b4c83354e&apos;
System info: os.name: &apos;Linux&apos;, os.arch: &apos;amd64&apos;, os.version: &apos;5.15.0-92-generic&apos;, java.version: &apos;17.0.7&apos;
Driver info: org.openqa.selenium.chrome.ChromeDriver
Command: [f974f43e2a4876950a3e421f4a9f8912, clickElement {id=D4824ABEEFB26ED6A37DE98BD12249A1_element_12}]
Capabilities {acceptInsecureCerts: false, browserName: chrome, browserVersion: 120.0.6099.216, chrome: {chromedriverVersion: 120.0.6099.109 (3419140ab66..., userDataDir: /tmp/.org.chromium.Chromium...}, fedcm:accounts: true, goog:chromeOptions: {debuggerAddress: localhost:45437}, networkConnectionEnabled: false, pageLoadStrategy: normal, platformName: linux, proxy: Proxy(), se:cdp: ws://localhost:45437/devtoo..., se:cdpVersion: 120.0.6099.216, setWindowRect: true, strictFileInteractability: false, timeouts: {implicit: 0, pageLoad: 300000, script: 30000}, unhandledPromptBehavior: dismiss and notify, webauthn:extension:credBlob: true, webauthn:extension:largeBlob: true, webauthn:extension:minPinLength: true, webauthn:extension:prf: true, webauthn:virtualAuthenticators: true}
Element: [[ChromeDriver: chrome on linux (f974f43e2a4876950a3e421f4a9f8912)] -&gt; xpath: //p[@class=&apos;drug-search-result&apos;][text()=&apos;Internal Testing&apos;]]
Session ID: f974f43e2a4876950a3e421f4a9f8912
	at java.base/jdk.internal.reflect.NativeConstructorAccessorImpl.newInstance0(Native Method)
	at java.base/jdk.internal.reflect.NativeConstructorAccessorImpl.newInstance(NativeConstructorAccessorImpl.java:77)
	at java.base/jdk.internal.reflect.DelegatingConstructorAccessorImpl.newInstance(DelegatingConstructorAccessorImpl.java:45)
	at java.base/java.lang.reflect.Constructor.newInstanceWithCaller(Constructor.java:499)
	at java.base/java.lang.reflect.Constructor.newInstance(Constructor.java:480)
	at org.openqa.selenium.remote.codec.w3c.W3CHttpResponseCodec.createException(W3CHttpResponseCodec.java:200)
	at org.openqa.selenium.remote.codec.w3c.W3CHttpResponseCodec.decode(W3CHttpResponseCodec.java:133)
	at org.openqa.selenium.remote.codec.w3c.W3CHttpResponseCodec.decode(W3CHttpResponseCodec.java:52)
	at org.openqa.selenium.remote.HttpCommandExecutor.execute(HttpCommandExecutor.java:191)
	at org.openqa.selenium.remote.service.DriverCommandExecutor.invokeExecute(DriverCommandExecutor.java:200)
	at org.openqa.selenium.remote.service.DriverCommandExecutor.execute(DriverCommandExecutor.java:175)
	at org.openqa.selenium.remote.RemoteWebDriver.execute(RemoteWebDriver.java:523)
	at org.openqa.selenium.remote.RemoteWebElement.execute(RemoteWebElement.java:224)
	at org.openqa.selenium.remote.RemoteWebElement.click(RemoteWebElement.java:77)
	at objects.LoginPage.enterLocation(LoginPage.java:86)
	at objects.LoginPage.login(LoginPage.java:71)
	at strongroom.Base.setUp(Base.java:39)
	at java.base/jdk.internal.reflect.NativeMethodAccessorImpl.invoke0(Native Method)
	at java.base/jdk.internal.reflect.NativeMethodAccessorImpl.invoke(NativeMethodAccessorImpl.java:77)
	at java.base/jdk.internal.reflect.DelegatingMethodAccessorImpl.invoke(DelegatingMethodAccessorImpl.java:43)
	at java.base/java.lang.reflect.Method.invoke(Method.java:568)
	at org.testng.internal.MethodInvocationHelper.invokeMethod(MethodInvocationHelper.java:133)
	at org.testng.internal.MethodInvocationHelper.invokeMethodConsideringTimeout(MethodInvocationHelper.java:62)
	at org.testng.internal.ConfigInvoker.invokeConfigurationMethod(ConfigInvoker.java:385)
	at org.testng.internal.ConfigInvoker.invokeConfigurations(ConfigInvoker.java:321)
	at org.testng.internal.TestMethodWorker.invokeBeforeClassMethods(TestMethodWorker.java:176)
	at org.testng.internal.TestMethodWorker.run(TestMethodWorker.java:122)
	at java.base/java.util.ArrayList.forEach(ArrayList.java:1511)
	at org.testng.TestRunner.privateRun(TestRunner.java:794)
	at org.testng.TestRunner.run(TestRunner.java:596)
	at org.testng.SuiteRunner.runTest(SuiteRunner.java:377)
	at org.testng.SuiteRunner.runSequentially(SuiteRunner.java:371)
	at org.testng.SuiteRunner.privateRun(SuiteRunner.java:332)
	at org.testng.SuiteRunner.run(SuiteRunner.java:276)
	at org.testng.SuiteRunnerWorker.runSuite(SuiteRunnerWorker.java:53)
	at org.testng.SuiteRunnerWorker.run(SuiteRunnerWorker.java:96)
	at org.testng.TestNG.runSuitesSequentially(TestNG.java:1212)
	at org.testng.TestNG.runSuitesLocally(TestNG.java:1134)
	at org.testng.TestNG.runSuites(TestNG.java:1063)
	at org.testng.TestNG.run(TestNG.java:1031)
	at org.testng.remote.AbstractRemoteTestNG.run(AbstractRemoteTestNG.java:115)
	at org.testng.remote.RemoteTestNG.initAndRun(RemoteTestNG.java:251)
	at org.testng.remote.RemoteTestNG.main(RemoteTestNG.java:77)
</pre></div></td>
<td>0</td>
<td>strongroom.TransferoutImprest@783a467b</td></tr>
<tr>
<td title='strongroom.TransferoutImprest.transferoutImprest()'><b>transferoutImprest</b><br>Test class: strongroom.TransferoutImprest<br>Parameters: Outgoing Patient, overall ecase, (prilocaine) prilocaine hydrochloride 1% (50 mg/5 mL) injection, ampoule, 4ff2a345-b25f-4bdb-843a-3193ef9f70b5, Robyn Dhar, 2.0, Added Note, valeshan.naidoo@strongroom.ai, 1111</td>
<td><div><pre>org.openqa.selenium.StaleElementReferenceException: stale element reference: stale element not found
  (Session info: chrome=120.0.6099.216)
For documentation on this error, please visit: https://www.selenium.dev/documentation/webdriver/troubleshooting/errors#stale-element-reference-exception
Build info: version: &apos;4.16.1&apos;, revision: &apos;9b4c83354e&apos;
System info: os.name: &apos;Linux&apos;, os.arch: &apos;amd64&apos;, os.version: &apos;5.15.0-92-generic&apos;, java.version: &apos;17.0.7&apos;
Driver info: org.openqa.selenium.chrome.ChromeDriver
Command: [f974f43e2a4876950a3e421f4a9f8912, clickElement {id=D4824ABEEFB26ED6A37DE98BD12249A1_element_12}]
Capabilities {acceptInsecureCerts: false, browserName: chrome, browserVersion: 120.0.6099.216, chrome: {chromedriverVersion: 120.0.6099.109 (3419140ab66..., userDataDir: /tmp/.org.chromium.Chromium...}, fedcm:accounts: true, goog:chromeOptions: {debuggerAddress: localhost:45437}, networkConnectionEnabled: false, pageLoadStrategy: normal, platformName: linux, proxy: Proxy(), se:cdp: ws://localhost:45437/devtoo..., se:cdpVersion: 120.0.6099.216, setWindowRect: true, strictFileInteractability: false, timeouts: {implicit: 0, pageLoad: 300000, script: 30000}, unhandledPromptBehavior: dismiss and notify, webauthn:extension:credBlob: true, webauthn:extension:largeBlob: true, webauthn:extension:minPinLength: true, webauthn:extension:prf: true, webauthn:virtualAuthenticators: true}
Element: [[ChromeDriver: chrome on linux (f974f43e2a4876950a3e421f4a9f8912)] -&gt; xpath: //p[@class=&apos;drug-search-result&apos;][text()=&apos;Internal Testing&apos;]]
Session ID: f974f43e2a4876950a3e421f4a9f8912
	at org.openqa.selenium.remote.codec.w3c.W3CHttpResponseCodec.createException(W3CHttpResponseCodec.java:200)
	at org.openqa.selenium.remote.codec.w3c.W3CHttpResponseCodec.decode(W3CHttpResponseCodec.java:133)
	at org.openqa.selenium.remote.codec.w3c.W3CHttpResponseCodec.decode(W3CHttpResponseCodec.java:52)
	at org.openqa.selenium.remote.HttpCommandExecutor.execute(HttpCommandExecutor.java:191)
	at org.openqa.selenium.remote.service.DriverCommandExecutor.invokeExecute(DriverCommandExecutor.java:200)
	at org.openqa.selenium.remote.service.DriverCommandExecutor.execute(DriverCommandExecutor.java:175)
	at org.openqa.selenium.remote.RemoteWebDriver.execute(RemoteWebDriver.java:523)
	at org.openqa.selenium.remote.RemoteWebElement.execute(RemoteWebElement.java:224)
	at org.openqa.selenium.remote.RemoteWebElement.click(RemoteWebElement.java:77)
	at objects.LoginPage.enterLocation(LoginPage.java:86)
	at objects.LoginPage.login(LoginPage.java:71)
	at strongroom.Base.setUp(Base.java:39)
	at java.base/java.util.ArrayList.forEach(ArrayList.java:1511)
... Removed 30 stack frames</pre></div><a href='#' onClick='toggleBox("stack-trace205551798", this, "Click to show all stack frames", "Click to hide stack frames")'>Click to show all stack frames</a>
<div class='stack-trace' id='stack-trace205551798'><pre>org.openqa.selenium.StaleElementReferenceException: stale element reference: stale element not found
  (Session info: chrome=120.0.6099.216)
For documentation on this error, please visit: https://www.selenium.dev/documentation/webdriver/troubleshooting/errors#stale-element-reference-exception
Build info: version: &apos;4.16.1&apos;, revision: &apos;9b4c83354e&apos;
System info: os.name: &apos;Linux&apos;, os.arch: &apos;amd64&apos;, os.version: &apos;5.15.0-92-generic&apos;, java.version: &apos;17.0.7&apos;
Driver info: org.openqa.selenium.chrome.ChromeDriver
Command: [f974f43e2a4876950a3e421f4a9f8912, clickElement {id=D4824ABEEFB26ED6A37DE98BD12249A1_element_12}]
Capabilities {acceptInsecureCerts: false, browserName: chrome, browserVersion: 120.0.6099.216, chrome: {chromedriverVersion: 120.0.6099.109 (3419140ab66..., userDataDir: /tmp/.org.chromium.Chromium...}, fedcm:accounts: true, goog:chromeOptions: {debuggerAddress: localhost:45437}, networkConnectionEnabled: false, pageLoadStrategy: normal, platformName: linux, proxy: Proxy(), se:cdp: ws://localhost:45437/devtoo..., se:cdpVersion: 120.0.6099.216, setWindowRect: true, strictFileInteractability: false, timeouts: {implicit: 0, pageLoad: 300000, script: 30000}, unhandledPromptBehavior: dismiss and notify, webauthn:extension:credBlob: true, webauthn:extension:largeBlob: true, webauthn:extension:minPinLength: true, webauthn:extension:prf: true, webauthn:virtualAuthenticators: true}
Element: [[ChromeDriver: chrome on linux (f974f43e2a4876950a3e421f4a9f8912)] -&gt; xpath: //p[@class=&apos;drug-search-result&apos;][text()=&apos;Internal Testing&apos;]]
Session ID: f974f43e2a4876950a3e421f4a9f8912
	at java.base/jdk.internal.reflect.NativeConstructorAccessorImpl.newInstance0(Native Method)
	at java.base/jdk.internal.reflect.NativeConstructorAccessorImpl.newInstance(NativeConstructorAccessorImpl.java:77)
	at java.base/jdk.internal.reflect.DelegatingConstructorAccessorImpl.newInstance(DelegatingConstructorAccessorImpl.java:45)
	at java.base/java.lang.reflect.Constructor.newInstanceWithCaller(Constructor.java:499)
	at java.base/java.lang.reflect.Constructor.newInstance(Constructor.java:480)
	at org.openqa.selenium.remote.codec.w3c.W3CHttpResponseCodec.createException(W3CHttpResponseCodec.java:200)
	at org.openqa.selenium.remote.codec.w3c.W3CHttpResponseCodec.decode(W3CHttpResponseCodec.java:133)
	at org.openqa.selenium.remote.codec.w3c.W3CHttpResponseCodec.decode(W3CHttpResponseCodec.java:52)
	at org.openqa.selenium.remote.HttpCommandExecutor.execute(HttpCommandExecutor.java:191)
	at org.openqa.selenium.remote.service.DriverCommandExecutor.invokeExecute(DriverCommandExecutor.java:200)
	at org.openqa.selenium.remote.service.DriverCommandExecutor.execute(DriverCommandExecutor.java:175)
	at org.openqa.selenium.remote.RemoteWebDriver.execute(RemoteWebDriver.java:523)
	at org.openqa.selenium.remote.RemoteWebElement.execute(RemoteWebElement.java:224)
	at org.openqa.selenium.remote.RemoteWebElement.click(RemoteWebElement.java:77)
	at objects.LoginPage.enterLocation(LoginPage.java:86)
	at objects.LoginPage.login(LoginPage.java:71)
	at strongroom.Base.setUp(Base.java:39)
	at java.base/jdk.internal.reflect.NativeMethodAccessorImpl.invoke0(Native Method)
	at java.base/jdk.internal.reflect.NativeMethodAccessorImpl.invoke(NativeMethodAccessorImpl.java:77)
	at java.base/jdk.internal.reflect.DelegatingMethodAccessorImpl.invoke(DelegatingMethodAccessorImpl.java:43)
	at java.base/java.lang.reflect.Method.invoke(Method.java:568)
	at org.testng.internal.MethodInvocationHelper.invokeMethod(MethodInvocationHelper.java:133)
	at org.testng.internal.MethodInvocationHelper.invokeMethodConsideringTimeout(MethodInvocationHelper.java:62)
	at org.testng.internal.ConfigInvoker.invokeConfigurationMethod(ConfigInvoker.java:385)
	at org.testng.internal.ConfigInvoker.invokeConfigurations(ConfigInvoker.java:321)
	at org.testng.internal.TestMethodWorker.invokeBeforeClassMethods(TestMethodWorker.java:176)
	at org.testng.internal.TestMethodWorker.run(TestMethodWorker.java:122)
	at java.base/java.util.ArrayList.forEach(ArrayList.java:1511)
	at org.testng.TestRunner.privateRun(TestRunner.java:794)
	at org.testng.TestRunner.run(TestRunner.java:596)
	at org.testng.SuiteRunner.runTest(SuiteRunner.java:377)
	at org.testng.SuiteRunner.runSequentially(SuiteRunner.java:371)
	at org.testng.SuiteRunner.privateRun(SuiteRunner.java:332)
	at org.testng.SuiteRunner.run(SuiteRunner.java:276)
	at org.testng.SuiteRunnerWorker.runSuite(SuiteRunnerWorker.java:53)
	at org.testng.SuiteRunnerWorker.run(SuiteRunnerWorker.java:96)
	at org.testng.TestNG.runSuitesSequentially(TestNG.java:1212)
	at org.testng.TestNG.runSuitesLocally(TestNG.java:1134)
	at org.testng.TestNG.runSuites(TestNG.java:1063)
	at org.testng.TestNG.run(TestNG.java:1031)
	at org.testng.remote.AbstractRemoteTestNG.run(AbstractRemoteTestNG.java:115)
	at org.testng.remote.RemoteTestNG.initAndRun(RemoteTestNG.java:251)
	at org.testng.remote.RemoteTestNG.main(RemoteTestNG.java:77)
</pre></div></td>
<td>0</td>
<td>strongroom.TransferoutImprest@783a467b</td></tr>
<tr>
<td title='strongroom.TransferoutImprest.transferoutImprest()'><b>transferoutImprest</b><br>Test class: strongroom.TransferoutImprest<br>Parameters: Transfer out Imprest, Facility 3, (amoxicillin) amoxicillin 500 mg capsule, 40334233-18a9-4ca6-96a8-001718ec55e3, Windsor Charles, 2.0, Added Note, valeshan.naidoo@strongroom.ai, 1111</td>
<td><div><pre>org.openqa.selenium.StaleElementReferenceException: stale element reference: stale element not found
  (Session info: chrome=120.0.6099.216)
For documentation on this error, please visit: https://www.selenium.dev/documentation/webdriver/troubleshooting/errors#stale-element-reference-exception
Build info: version: &apos;4.16.1&apos;, revision: &apos;9b4c83354e&apos;
System info: os.name: &apos;Linux&apos;, os.arch: &apos;amd64&apos;, os.version: &apos;5.15.0-92-generic&apos;, java.version: &apos;17.0.7&apos;
Driver info: org.openqa.selenium.chrome.ChromeDriver
Command: [f974f43e2a4876950a3e421f4a9f8912, clickElement {id=D4824ABEEFB26ED6A37DE98BD12249A1_element_12}]
Capabilities {acceptInsecureCerts: false, browserName: chrome, browserVersion: 120.0.6099.216, chrome: {chromedriverVersion: 120.0.6099.109 (3419140ab66..., userDataDir: /tmp/.org.chromium.Chromium...}, fedcm:accounts: true, goog:chromeOptions: {debuggerAddress: localhost:45437}, networkConnectionEnabled: false, pageLoadStrategy: normal, platformName: linux, proxy: Proxy(), se:cdp: ws://localhost:45437/devtoo..., se:cdpVersion: 120.0.6099.216, setWindowRect: true, strictFileInteractability: false, timeouts: {implicit: 0, pageLoad: 300000, script: 30000}, unhandledPromptBehavior: dismiss and notify, webauthn:extension:credBlob: true, webauthn:extension:largeBlob: true, webauthn:extension:minPinLength: true, webauthn:extension:prf: true, webauthn:virtualAuthenticators: true}
Element: [[ChromeDriver: chrome on linux (f974f43e2a4876950a3e421f4a9f8912)] -&gt; xpath: //p[@class=&apos;drug-search-result&apos;][text()=&apos;Internal Testing&apos;]]
Session ID: f974f43e2a4876950a3e421f4a9f8912
	at org.openqa.selenium.remote.codec.w3c.W3CHttpResponseCodec.createException(W3CHttpResponseCodec.java:200)
	at org.openqa.selenium.remote.codec.w3c.W3CHttpResponseCodec.decode(W3CHttpResponseCodec.java:133)
	at org.openqa.selenium.remote.codec.w3c.W3CHttpResponseCodec.decode(W3CHttpResponseCodec.java:52)
	at org.openqa.selenium.remote.HttpCommandExecutor.execute(HttpCommandExecutor.java:191)
	at org.openqa.selenium.remote.service.DriverCommandExecutor.invokeExecute(DriverCommandExecutor.java:200)
	at org.openqa.selenium.remote.service.DriverCommandExecutor.execute(DriverCommandExecutor.java:175)
	at org.openqa.selenium.remote.RemoteWebDriver.execute(RemoteWebDriver.java:523)
	at org.openqa.selenium.remote.RemoteWebElement.execute(RemoteWebElement.java:224)
	at org.openqa.selenium.remote.RemoteWebElement.click(RemoteWebElement.java:77)
	at objects.LoginPage.enterLocation(LoginPage.java:86)
	at objects.LoginPage.login(LoginPage.java:71)
	at strongroom.Base.setUp(Base.java:39)
	at java.base/java.util.ArrayList.forEach(ArrayList.java:1511)
... Removed 30 stack frames</pre></div><a href='#' onClick='toggleBox("stack-trace1526854182", this, "Click to show all stack frames", "Click to hide stack frames")'>Click to show all stack frames</a>
<div class='stack-trace' id='stack-trace1526854182'><pre>org.openqa.selenium.StaleElementReferenceException: stale element reference: stale element not found
  (Session info: chrome=120.0.6099.216)
For documentation on this error, please visit: https://www.selenium.dev/documentation/webdriver/troubleshooting/errors#stale-element-reference-exception
Build info: version: &apos;4.16.1&apos;, revision: &apos;9b4c83354e&apos;
System info: os.name: &apos;Linux&apos;, os.arch: &apos;amd64&apos;, os.version: &apos;5.15.0-92-generic&apos;, java.version: &apos;17.0.7&apos;
Driver info: org.openqa.selenium.chrome.ChromeDriver
Command: [f974f43e2a4876950a3e421f4a9f8912, clickElement {id=D4824ABEEFB26ED6A37DE98BD12249A1_element_12}]
Capabilities {acceptInsecureCerts: false, browserName: chrome, browserVersion: 120.0.6099.216, chrome: {chromedriverVersion: 120.0.6099.109 (3419140ab66..., userDataDir: /tmp/.org.chromium.Chromium...}, fedcm:accounts: true, goog:chromeOptions: {debuggerAddress: localhost:45437}, networkConnectionEnabled: false, pageLoadStrategy: normal, platformName: linux, proxy: Proxy(), se:cdp: ws://localhost:45437/devtoo..., se:cdpVersion: 120.0.6099.216, setWindowRect: true, strictFileInteractability: false, timeouts: {implicit: 0, pageLoad: 300000, script: 30000}, unhandledPromptBehavior: dismiss and notify, webauthn:extension:credBlob: true, webauthn:extension:largeBlob: true, webauthn:extension:minPinLength: true, webauthn:extension:prf: true, webauthn:virtualAuthenticators: true}
Element: [[ChromeDriver: chrome on linux (f974f43e2a4876950a3e421f4a9f8912)] -&gt; xpath: //p[@class=&apos;drug-search-result&apos;][text()=&apos;Internal Testing&apos;]]
Session ID: f974f43e2a4876950a3e421f4a9f8912
	at java.base/jdk.internal.reflect.NativeConstructorAccessorImpl.newInstance0(Native Method)
	at java.base/jdk.internal.reflect.NativeConstructorAccessorImpl.newInstance(NativeConstructorAccessorImpl.java:77)
	at java.base/jdk.internal.reflect.DelegatingConstructorAccessorImpl.newInstance(DelegatingConstructorAccessorImpl.java:45)
	at java.base/java.lang.reflect.Constructor.newInstanceWithCaller(Constructor.java:499)
	at java.base/java.lang.reflect.Constructor.newInstance(Constructor.java:480)
	at org.openqa.selenium.remote.codec.w3c.W3CHttpResponseCodec.createException(W3CHttpResponseCodec.java:200)
	at org.openqa.selenium.remote.codec.w3c.W3CHttpResponseCodec.decode(W3CHttpResponseCodec.java:133)
	at org.openqa.selenium.remote.codec.w3c.W3CHttpResponseCodec.decode(W3CHttpResponseCodec.java:52)
	at org.openqa.selenium.remote.HttpCommandExecutor.execute(HttpCommandExecutor.java:191)
	at org.openqa.selenium.remote.service.DriverCommandExecutor.invokeExecute(DriverCommandExecutor.java:200)
	at org.openqa.selenium.remote.service.DriverCommandExecutor.execute(DriverCommandExecutor.java:175)
	at org.openqa.selenium.remote.RemoteWebDriver.execute(RemoteWebDriver.java:523)
	at org.openqa.selenium.remote.RemoteWebElement.execute(RemoteWebElement.java:224)
	at org.openqa.selenium.remote.RemoteWebElement.click(RemoteWebElement.java:77)
	at objects.LoginPage.enterLocation(LoginPage.java:86)
	at objects.LoginPage.login(LoginPage.java:71)
	at strongroom.Base.setUp(Base.java:39)
	at java.base/jdk.internal.reflect.NativeMethodAccessorImpl.invoke0(Native Method)
	at java.base/jdk.internal.reflect.NativeMethodAccessorImpl.invoke(NativeMethodAccessorImpl.java:77)
	at java.base/jdk.internal.reflect.DelegatingMethodAccessorImpl.invoke(DelegatingMethodAccessorImpl.java:43)
	at java.base/java.lang.reflect.Method.invoke(Method.java:568)
	at org.testng.internal.MethodInvocationHelper.invokeMethod(MethodInvocationHelper.java:133)
	at org.testng.internal.MethodInvocationHelper.invokeMethodConsideringTimeout(MethodInvocationHelper.java:62)
	at org.testng.internal.ConfigInvoker.invokeConfigurationMethod(ConfigInvoker.java:385)
	at org.testng.internal.ConfigInvoker.invokeConfigurations(ConfigInvoker.java:321)
	at org.testng.internal.TestMethodWorker.invokeBeforeClassMethods(TestMethodWorker.java:176)
	at org.testng.internal.TestMethodWorker.run(TestMethodWorker.java:122)
	at java.base/java.util.ArrayList.forEach(ArrayList.java:1511)
	at org.testng.TestRunner.privateRun(TestRunner.java:794)
	at org.testng.TestRunner.run(TestRunner.java:596)
	at org.testng.SuiteRunner.runTest(SuiteRunner.java:377)
	at org.testng.SuiteRunner.runSequentially(SuiteRunner.java:371)
	at org.testng.SuiteRunner.privateRun(SuiteRunner.java:332)
	at org.testng.SuiteRunner.run(SuiteRunner.java:276)
	at org.testng.SuiteRunnerWorker.runSuite(SuiteRunnerWorker.java:53)
	at org.testng.SuiteRunnerWorker.run(SuiteRunnerWorker.java:96)
	at org.testng.TestNG.runSuitesSequentially(TestNG.java:1212)
	at org.testng.TestNG.runSuitesLocally(TestNG.java:1134)
	at org.testng.TestNG.runSuites(TestNG.java:1063)
	at org.testng.TestNG.run(TestNG.java:1031)
	at org.testng.remote.AbstractRemoteTestNG.run(AbstractRemoteTestNG.java:115)
	at org.testng.remote.RemoteTestNG.initAndRun(RemoteTestNG.java:251)
	at org.testng.remote.RemoteTestNG.main(RemoteTestNG.java:77)
</pre></div></td>
<td>0</td>
<td>strongroom.TransferoutImprest@783a467b</td></tr>
<tr>
<td title='strongroom.TransferoutImprest.transferoutImprest()'><b>transferoutImprest</b><br>Test class: strongroom.TransferoutImprest<br>Parameters: Destroy Patient, Final Facility, (gentamicin) gentamicin 40 mg/mL injection, ampoule, 076bdc53-820c-4e06-b7de-bb14bdfba61b, Perry Grant, 2.0, Added Note, valeshan.naidoo@strongroom.ai, 1111</td>
<td><div><pre>org.openqa.selenium.StaleElementReferenceException: stale element reference: stale element not found
  (Session info: chrome=120.0.6099.216)
For documentation on this error, please visit: https://www.selenium.dev/documentation/webdriver/troubleshooting/errors#stale-element-reference-exception
Build info: version: &apos;4.16.1&apos;, revision: &apos;9b4c83354e&apos;
System info: os.name: &apos;Linux&apos;, os.arch: &apos;amd64&apos;, os.version: &apos;5.15.0-92-generic&apos;, java.version: &apos;17.0.7&apos;
Driver info: org.openqa.selenium.chrome.ChromeDriver
Command: [f974f43e2a4876950a3e421f4a9f8912, clickElement {id=D4824ABEEFB26ED6A37DE98BD12249A1_element_12}]
Capabilities {acceptInsecureCerts: false, browserName: chrome, browserVersion: 120.0.6099.216, chrome: {chromedriverVersion: 120.0.6099.109 (3419140ab66..., userDataDir: /tmp/.org.chromium.Chromium...}, fedcm:accounts: true, goog:chromeOptions: {debuggerAddress: localhost:45437}, networkConnectionEnabled: false, pageLoadStrategy: normal, platformName: linux, proxy: Proxy(), se:cdp: ws://localhost:45437/devtoo..., se:cdpVersion: 120.0.6099.216, setWindowRect: true, strictFileInteractability: false, timeouts: {implicit: 0, pageLoad: 300000, script: 30000}, unhandledPromptBehavior: dismiss and notify, webauthn:extension:credBlob: true, webauthn:extension:largeBlob: true, webauthn:extension:minPinLength: true, webauthn:extension:prf: true, webauthn:virtualAuthenticators: true}
Element: [[ChromeDriver: chrome on linux (f974f43e2a4876950a3e421f4a9f8912)] -&gt; xpath: //p[@class=&apos;drug-search-result&apos;][text()=&apos;Internal Testing&apos;]]
Session ID: f974f43e2a4876950a3e421f4a9f8912
	at org.openqa.selenium.remote.codec.w3c.W3CHttpResponseCodec.createException(W3CHttpResponseCodec.java:200)
	at org.openqa.selenium.remote.codec.w3c.W3CHttpResponseCodec.decode(W3CHttpResponseCodec.java:133)
	at org.openqa.selenium.remote.codec.w3c.W3CHttpResponseCodec.decode(W3CHttpResponseCodec.java:52)
	at org.openqa.selenium.remote.HttpCommandExecutor.execute(HttpCommandExecutor.java:191)
	at org.openqa.selenium.remote.service.DriverCommandExecutor.invokeExecute(DriverCommandExecutor.java:200)
	at org.openqa.selenium.remote.service.DriverCommandExecutor.execute(DriverCommandExecutor.java:175)
	at org.openqa.selenium.remote.RemoteWebDriver.execute(RemoteWebDriver.java:523)
	at org.openqa.selenium.remote.RemoteWebElement.execute(RemoteWebElement.java:224)
	at org.openqa.selenium.remote.RemoteWebElement.click(RemoteWebElement.java:77)
	at objects.LoginPage.enterLocation(LoginPage.java:86)
	at objects.LoginPage.login(LoginPage.java:71)
	at strongroom.Base.setUp(Base.java:39)
	at java.base/java.util.ArrayList.forEach(ArrayList.java:1511)
... Removed 30 stack frames</pre></div><a href='#' onClick='toggleBox("stack-trace838698170", this, "Click to show all stack frames", "Click to hide stack frames")'>Click to show all stack frames</a>
<div class='stack-trace' id='stack-trace838698170'><pre>org.openqa.selenium.StaleElementReferenceException: stale element reference: stale element not found
  (Session info: chrome=120.0.6099.216)
For documentation on this error, please visit: https://www.selenium.dev/documentation/webdriver/troubleshooting/errors#stale-element-reference-exception
Build info: version: &apos;4.16.1&apos;, revision: &apos;9b4c83354e&apos;
System info: os.name: &apos;Linux&apos;, os.arch: &apos;amd64&apos;, os.version: &apos;5.15.0-92-generic&apos;, java.version: &apos;17.0.7&apos;
Driver info: org.openqa.selenium.chrome.ChromeDriver
Command: [f974f43e2a4876950a3e421f4a9f8912, clickElement {id=D4824ABEEFB26ED6A37DE98BD12249A1_element_12}]
Capabilities {acceptInsecureCerts: false, browserName: chrome, browserVersion: 120.0.6099.216, chrome: {chromedriverVersion: 120.0.6099.109 (3419140ab66..., userDataDir: /tmp/.org.chromium.Chromium...}, fedcm:accounts: true, goog:chromeOptions: {debuggerAddress: localhost:45437}, networkConnectionEnabled: false, pageLoadStrategy: normal, platformName: linux, proxy: Proxy(), se:cdp: ws://localhost:45437/devtoo..., se:cdpVersion: 120.0.6099.216, setWindowRect: true, strictFileInteractability: false, timeouts: {implicit: 0, pageLoad: 300000, script: 30000}, unhandledPromptBehavior: dismiss and notify, webauthn:extension:credBlob: true, webauthn:extension:largeBlob: true, webauthn:extension:minPinLength: true, webauthn:extension:prf: true, webauthn:virtualAuthenticators: true}
Element: [[ChromeDriver: chrome on linux (f974f43e2a4876950a3e421f4a9f8912)] -&gt; xpath: //p[@class=&apos;drug-search-result&apos;][text()=&apos;Internal Testing&apos;]]
Session ID: f974f43e2a4876950a3e421f4a9f8912
	at java.base/jdk.internal.reflect.NativeConstructorAccessorImpl.newInstance0(Native Method)
	at java.base/jdk.internal.reflect.NativeConstructorAccessorImpl.newInstance(NativeConstructorAccessorImpl.java:77)
	at java.base/jdk.internal.reflect.DelegatingConstructorAccessorImpl.newInstance(DelegatingConstructorAccessorImpl.java:45)
	at java.base/java.lang.reflect.Constructor.newInstanceWithCaller(Constructor.java:499)
	at java.base/java.lang.reflect.Constructor.newInstance(Constructor.java:480)
	at org.openqa.selenium.remote.codec.w3c.W3CHttpResponseCodec.createException(W3CHttpResponseCodec.java:200)
	at org.openqa.selenium.remote.codec.w3c.W3CHttpResponseCodec.decode(W3CHttpResponseCodec.java:133)
	at org.openqa.selenium.remote.codec.w3c.W3CHttpResponseCodec.decode(W3CHttpResponseCodec.java:52)
	at org.openqa.selenium.remote.HttpCommandExecutor.execute(HttpCommandExecutor.java:191)
	at org.openqa.selenium.remote.service.DriverCommandExecutor.invokeExecute(DriverCommandExecutor.java:200)
	at org.openqa.selenium.remote.service.DriverCommandExecutor.execute(DriverCommandExecutor.java:175)
	at org.openqa.selenium.remote.RemoteWebDriver.execute(RemoteWebDriver.java:523)
	at org.openqa.selenium.remote.RemoteWebElement.execute(RemoteWebElement.java:224)
	at org.openqa.selenium.remote.RemoteWebElement.click(RemoteWebElement.java:77)
	at objects.LoginPage.enterLocation(LoginPage.java:86)
	at objects.LoginPage.login(LoginPage.java:71)
	at strongroom.Base.setUp(Base.java:39)
	at java.base/jdk.internal.reflect.NativeMethodAccessorImpl.invoke0(Native Method)
	at java.base/jdk.internal.reflect.NativeMethodAccessorImpl.invoke(NativeMethodAccessorImpl.java:77)
	at java.base/jdk.internal.reflect.DelegatingMethodAccessorImpl.invoke(DelegatingMethodAccessorImpl.java:43)
	at java.base/java.lang.reflect.Method.invoke(Method.java:568)
	at org.testng.internal.MethodInvocationHelper.invokeMethod(MethodInvocationHelper.java:133)
	at org.testng.internal.MethodInvocationHelper.invokeMethodConsideringTimeout(MethodInvocationHelper.java:62)
	at org.testng.internal.ConfigInvoker.invokeConfigurationMethod(ConfigInvoker.java:385)
	at org.testng.internal.ConfigInvoker.invokeConfigurations(ConfigInvoker.java:321)
	at org.testng.internal.TestMethodWorker.invokeBeforeClassMethods(TestMethodWorker.java:176)
	at org.testng.internal.TestMethodWorker.run(TestMethodWorker.java:122)
	at java.base/java.util.ArrayList.forEach(ArrayList.java:1511)
	at org.testng.TestRunner.privateRun(TestRunner.java:794)
	at org.testng.TestRunner.run(TestRunner.java:596)
	at org.testng.SuiteRunner.runTest(SuiteRunner.java:377)
	at org.testng.SuiteRunner.runSequentially(SuiteRunner.java:371)
	at org.testng.SuiteRunner.privateRun(SuiteRunner.java:332)
	at org.testng.SuiteRunner.run(SuiteRunner.java:276)
	at org.testng.SuiteRunnerWorker.runSuite(SuiteRunnerWorker.java:53)
	at org.testng.SuiteRunnerWorker.run(SuiteRunnerWorker.java:96)
	at org.testng.TestNG.runSuitesSequentially(TestNG.java:1212)
	at org.testng.TestNG.runSuitesLocally(TestNG.java:1134)
	at org.testng.TestNG.runSuites(TestNG.java:1063)
	at org.testng.TestNG.run(TestNG.java:1031)
	at org.testng.remote.AbstractRemoteTestNG.run(AbstractRemoteTestNG.java:115)
	at org.testng.remote.RemoteTestNG.initAndRun(RemoteTestNG.java:251)
	at org.testng.remote.RemoteTestNG.main(RemoteTestNG.java:77)
</pre></div></td>
<td>0</td>
<td>strongroom.TransferoutImprest@783a467b</td></tr>
<tr>
<td title='strongroom.TransferoutImprest.transferoutImprest()'><b>transferoutImprest</b><br>Test class: strongroom.TransferoutImprest<br>Parameters: Transfer in Imprest, WA Nursing Home, (docusate + sennoside B) Soflax (AN) tablet, 5e26790f-e97b-47a9-978b-e42b5915acbc, Arvind Nath, 2.0, Added Note, valeshan.naidoo@strongroom.ai, 1111</td>
<td><div><pre>org.openqa.selenium.StaleElementReferenceException: stale element reference: stale element not found
  (Session info: chrome=120.0.6099.216)
For documentation on this error, please visit: https://www.selenium.dev/documentation/webdriver/troubleshooting/errors#stale-element-reference-exception
Build info: version: &apos;4.16.1&apos;, revision: &apos;9b4c83354e&apos;
System info: os.name: &apos;Linux&apos;, os.arch: &apos;amd64&apos;, os.version: &apos;5.15.0-92-generic&apos;, java.version: &apos;17.0.7&apos;
Driver info: org.openqa.selenium.chrome.ChromeDriver
Command: [f974f43e2a4876950a3e421f4a9f8912, clickElement {id=D4824ABEEFB26ED6A37DE98BD12249A1_element_12}]
Capabilities {acceptInsecureCerts: false, browserName: chrome, browserVersion: 120.0.6099.216, chrome: {chromedriverVersion: 120.0.6099.109 (3419140ab66..., userDataDir: /tmp/.org.chromium.Chromium...}, fedcm:accounts: true, goog:chromeOptions: {debuggerAddress: localhost:45437}, networkConnectionEnabled: false, pageLoadStrategy: normal, platformName: linux, proxy: Proxy(), se:cdp: ws://localhost:45437/devtoo..., se:cdpVersion: 120.0.6099.216, setWindowRect: true, strictFileInteractability: false, timeouts: {implicit: 0, pageLoad: 300000, script: 30000}, unhandledPromptBehavior: dismiss and notify, webauthn:extension:credBlob: true, webauthn:extension:largeBlob: true, webauthn:extension:minPinLength: true, webauthn:extension:prf: true, webauthn:virtualAuthenticators: true}
Element: [[ChromeDriver: chrome on linux (f974f43e2a4876950a3e421f4a9f8912)] -&gt; xpath: //p[@class=&apos;drug-search-result&apos;][text()=&apos;Internal Testing&apos;]]
Session ID: f974f43e2a4876950a3e421f4a9f8912
	at org.openqa.selenium.remote.codec.w3c.W3CHttpResponseCodec.createException(W3CHttpResponseCodec.java:200)
	at org.openqa.selenium.remote.codec.w3c.W3CHttpResponseCodec.decode(W3CHttpResponseCodec.java:133)
	at org.openqa.selenium.remote.codec.w3c.W3CHttpResponseCodec.decode(W3CHttpResponseCodec.java:52)
	at org.openqa.selenium.remote.HttpCommandExecutor.execute(HttpCommandExecutor.java:191)
	at org.openqa.selenium.remote.service.DriverCommandExecutor.invokeExecute(DriverCommandExecutor.java:200)
	at org.openqa.selenium.remote.service.DriverCommandExecutor.execute(DriverCommandExecutor.java:175)
	at org.openqa.selenium.remote.RemoteWebDriver.execute(RemoteWebDriver.java:523)
	at org.openqa.selenium.remote.RemoteWebElement.execute(RemoteWebElement.java:224)
	at org.openqa.selenium.remote.RemoteWebElement.click(RemoteWebElement.java:77)
	at objects.LoginPage.enterLocation(LoginPage.java:86)
	at objects.LoginPage.login(LoginPage.java:71)
	at strongroom.Base.setUp(Base.java:39)
	at java.base/java.util.ArrayList.forEach(ArrayList.java:1511)
... Removed 30 stack frames</pre></div><a href='#' onClick='toggleBox("stack-trace2080154452", this, "Click to show all stack frames", "Click to hide stack frames")'>Click to show all stack frames</a>
<div class='stack-trace' id='stack-trace2080154452'><pre>org.openqa.selenium.StaleElementReferenceException: stale element reference: stale element not found
  (Session info: chrome=120.0.6099.216)
For documentation on this error, please visit: https://www.selenium.dev/documentation/webdriver/troubleshooting/errors#stale-element-reference-exception
Build info: version: &apos;4.16.1&apos;, revision: &apos;9b4c83354e&apos;
System info: os.name: &apos;Linux&apos;, os.arch: &apos;amd64&apos;, os.version: &apos;5.15.0-92-generic&apos;, java.version: &apos;17.0.7&apos;
Driver info: org.openqa.selenium.chrome.ChromeDriver
Command: [f974f43e2a4876950a3e421f4a9f8912, clickElement {id=D4824ABEEFB26ED6A37DE98BD12249A1_element_12}]
Capabilities {acceptInsecureCerts: false, browserName: chrome, browserVersion: 120.0.6099.216, chrome: {chromedriverVersion: 120.0.6099.109 (3419140ab66..., userDataDir: /tmp/.org.chromium.Chromium...}, fedcm:accounts: true, goog:chromeOptions: {debuggerAddress: localhost:45437}, networkConnectionEnabled: false, pageLoadStrategy: normal, platformName: linux, proxy: Proxy(), se:cdp: ws://localhost:45437/devtoo..., se:cdpVersion: 120.0.6099.216, setWindowRect: true, strictFileInteractability: false, timeouts: {implicit: 0, pageLoad: 300000, script: 30000}, unhandledPromptBehavior: dismiss and notify, webauthn:extension:credBlob: true, webauthn:extension:largeBlob: true, webauthn:extension:minPinLength: true, webauthn:extension:prf: true, webauthn:virtualAuthenticators: true}
Element: [[ChromeDriver: chrome on linux (f974f43e2a4876950a3e421f4a9f8912)] -&gt; xpath: //p[@class=&apos;drug-search-result&apos;][text()=&apos;Internal Testing&apos;]]
Session ID: f974f43e2a4876950a3e421f4a9f8912
	at java.base/jdk.internal.reflect.NativeConstructorAccessorImpl.newInstance0(Native Method)
	at java.base/jdk.internal.reflect.NativeConstructorAccessorImpl.newInstance(NativeConstructorAccessorImpl.java:77)
	at java.base/jdk.internal.reflect.DelegatingConstructorAccessorImpl.newInstance(DelegatingConstructorAccessorImpl.java:45)
	at java.base/java.lang.reflect.Constructor.newInstanceWithCaller(Constructor.java:499)
	at java.base/java.lang.reflect.Constructor.newInstance(Constructor.java:480)
	at org.openqa.selenium.remote.codec.w3c.W3CHttpResponseCodec.createException(W3CHttpResponseCodec.java:200)
	at org.openqa.selenium.remote.codec.w3c.W3CHttpResponseCodec.decode(W3CHttpResponseCodec.java:133)
	at org.openqa.selenium.remote.codec.w3c.W3CHttpResponseCodec.decode(W3CHttpResponseCodec.java:52)
	at org.openqa.selenium.remote.HttpCommandExecutor.execute(HttpCommandExecutor.java:191)
	at org.openqa.selenium.remote.service.DriverCommandExecutor.invokeExecute(DriverCommandExecutor.java:200)
	at org.openqa.selenium.remote.service.DriverCommandExecutor.execute(DriverCommandExecutor.java:175)
	at org.openqa.selenium.remote.RemoteWebDriver.execute(RemoteWebDriver.java:523)
	at org.openqa.selenium.remote.RemoteWebElement.execute(RemoteWebElement.java:224)
	at org.openqa.selenium.remote.RemoteWebElement.click(RemoteWebElement.java:77)
	at objects.LoginPage.enterLocation(LoginPage.java:86)
	at objects.LoginPage.login(LoginPage.java:71)
	at strongroom.Base.setUp(Base.java:39)
	at java.base/jdk.internal.reflect.NativeMethodAccessorImpl.invoke0(Native Method)
	at java.base/jdk.internal.reflect.NativeMethodAccessorImpl.invoke(NativeMethodAccessorImpl.java:77)
	at java.base/jdk.internal.reflect.DelegatingMethodAccessorImpl.invoke(DelegatingMethodAccessorImpl.java:43)
	at java.base/java.lang.reflect.Method.invoke(Method.java:568)
	at org.testng.internal.MethodInvocationHelper.invokeMethod(MethodInvocationHelper.java:133)
	at org.testng.internal.MethodInvocationHelper.invokeMethodConsideringTimeout(MethodInvocationHelper.java:62)
	at org.testng.internal.ConfigInvoker.invokeConfigurationMethod(ConfigInvoker.java:385)
	at org.testng.internal.ConfigInvoker.invokeConfigurations(ConfigInvoker.java:321)
	at org.testng.internal.TestMethodWorker.invokeBeforeClassMethods(TestMethodWorker.java:176)
	at org.testng.internal.TestMethodWorker.run(TestMethodWorker.java:122)
	at java.base/java.util.ArrayList.forEach(ArrayList.java:1511)
	at org.testng.TestRunner.privateRun(TestRunner.java:794)
	at org.testng.TestRunner.run(TestRunner.java:596)
	at org.testng.SuiteRunner.runTest(SuiteRunner.java:377)
	at org.testng.SuiteRunner.runSequentially(SuiteRunner.java:371)
	at org.testng.SuiteRunner.privateRun(SuiteRunner.java:332)
	at org.testng.SuiteRunner.run(SuiteRunner.java:276)
	at org.testng.SuiteRunnerWorker.runSuite(SuiteRunnerWorker.java:53)
	at org.testng.SuiteRunnerWorker.run(SuiteRunnerWorker.java:96)
	at org.testng.TestNG.runSuitesSequentially(TestNG.java:1212)
	at org.testng.TestNG.runSuitesLocally(TestNG.java:1134)
	at org.testng.TestNG.runSuites(TestNG.java:1063)
	at org.testng.TestNG.run(TestNG.java:1031)
	at org.testng.remote.AbstractRemoteTestNG.run(AbstractRemoteTestNG.java:115)
	at org.testng.remote.RemoteTestNG.initAndRun(RemoteTestNG.java:251)
	at org.testng.remote.RemoteTestNG.main(RemoteTestNG.java:77)
</pre></div></td>
<td>0</td>
<td>strongroom.TransferoutImprest@783a467b</td></tr>
<tr>
<td title='strongroom.TransferoutImprest.transferoutImprest()'><b>transferoutImprest</b><br>Test class: strongroom.TransferoutImprest<br>Parameters: Transfer in Patient, External facility, (bromocriptine) bromocriptine 5 mg capsule, 54eb5c05-efe3-4feb-b599-314ecc93cfb9, Jerry RAC004, 2.0, Added Note, valeshan.naidoo@strongroom.ai, 1111</td>
<td><div><pre>org.openqa.selenium.StaleElementReferenceException: stale element reference: stale element not found
  (Session info: chrome=120.0.6099.216)
For documentation on this error, please visit: https://www.selenium.dev/documentation/webdriver/troubleshooting/errors#stale-element-reference-exception
Build info: version: &apos;4.16.1&apos;, revision: &apos;9b4c83354e&apos;
System info: os.name: &apos;Linux&apos;, os.arch: &apos;amd64&apos;, os.version: &apos;5.15.0-92-generic&apos;, java.version: &apos;17.0.7&apos;
Driver info: org.openqa.selenium.chrome.ChromeDriver
Command: [f974f43e2a4876950a3e421f4a9f8912, clickElement {id=D4824ABEEFB26ED6A37DE98BD12249A1_element_12}]
Capabilities {acceptInsecureCerts: false, browserName: chrome, browserVersion: 120.0.6099.216, chrome: {chromedriverVersion: 120.0.6099.109 (3419140ab66..., userDataDir: /tmp/.org.chromium.Chromium...}, fedcm:accounts: true, goog:chromeOptions: {debuggerAddress: localhost:45437}, networkConnectionEnabled: false, pageLoadStrategy: normal, platformName: linux, proxy: Proxy(), se:cdp: ws://localhost:45437/devtoo..., se:cdpVersion: 120.0.6099.216, setWindowRect: true, strictFileInteractability: false, timeouts: {implicit: 0, pageLoad: 300000, script: 30000}, unhandledPromptBehavior: dismiss and notify, webauthn:extension:credBlob: true, webauthn:extension:largeBlob: true, webauthn:extension:minPinLength: true, webauthn:extension:prf: true, webauthn:virtualAuthenticators: true}
Element: [[ChromeDriver: chrome on linux (f974f43e2a4876950a3e421f4a9f8912)] -&gt; xpath: //p[@class=&apos;drug-search-result&apos;][text()=&apos;Internal Testing&apos;]]
Session ID: f974f43e2a4876950a3e421f4a9f8912
	at org.openqa.selenium.remote.codec.w3c.W3CHttpResponseCodec.createException(W3CHttpResponseCodec.java:200)
	at org.openqa.selenium.remote.codec.w3c.W3CHttpResponseCodec.decode(W3CHttpResponseCodec.java:133)
	at org.openqa.selenium.remote.codec.w3c.W3CHttpResponseCodec.decode(W3CHttpResponseCodec.java:52)
	at org.openqa.selenium.remote.HttpCommandExecutor.execute(HttpCommandExecutor.java:191)
	at org.openqa.selenium.remote.service.DriverCommandExecutor.invokeExecute(DriverCommandExecutor.java:200)
	at org.openqa.selenium.remote.service.DriverCommandExecutor.execute(DriverCommandExecutor.java:175)
	at org.openqa.selenium.remote.RemoteWebDriver.execute(RemoteWebDriver.java:523)
	at org.openqa.selenium.remote.RemoteWebElement.execute(RemoteWebElement.java:224)
	at org.openqa.selenium.remote.RemoteWebElement.click(RemoteWebElement.java:77)
	at objects.LoginPage.enterLocation(LoginPage.java:86)
	at objects.LoginPage.login(LoginPage.java:71)
	at strongroom.Base.setUp(Base.java:39)
	at java.base/java.util.ArrayList.forEach(ArrayList.java:1511)
... Removed 30 stack frames</pre></div><a href='#' onClick='toggleBox("stack-trace15915499", this, "Click to show all stack frames", "Click to hide stack frames")'>Click to show all stack frames</a>
<div class='stack-trace' id='stack-trace15915499'><pre>org.openqa.selenium.StaleElementReferenceException: stale element reference: stale element not found
  (Session info: chrome=120.0.6099.216)
For documentation on this error, please visit: https://www.selenium.dev/documentation/webdriver/troubleshooting/errors#stale-element-reference-exception
Build info: version: &apos;4.16.1&apos;, revision: &apos;9b4c83354e&apos;
System info: os.name: &apos;Linux&apos;, os.arch: &apos;amd64&apos;, os.version: &apos;5.15.0-92-generic&apos;, java.version: &apos;17.0.7&apos;
Driver info: org.openqa.selenium.chrome.ChromeDriver
Command: [f974f43e2a4876950a3e421f4a9f8912, clickElement {id=D4824ABEEFB26ED6A37DE98BD12249A1_element_12}]
Capabilities {acceptInsecureCerts: false, browserName: chrome, browserVersion: 120.0.6099.216, chrome: {chromedriverVersion: 120.0.6099.109 (3419140ab66..., userDataDir: /tmp/.org.chromium.Chromium...}, fedcm:accounts: true, goog:chromeOptions: {debuggerAddress: localhost:45437}, networkConnectionEnabled: false, pageLoadStrategy: normal, platformName: linux, proxy: Proxy(), se:cdp: ws://localhost:45437/devtoo..., se:cdpVersion: 120.0.6099.216, setWindowRect: true, strictFileInteractability: false, timeouts: {implicit: 0, pageLoad: 300000, script: 30000}, unhandledPromptBehavior: dismiss and notify, webauthn:extension:credBlob: true, webauthn:extension:largeBlob: true, webauthn:extension:minPinLength: true, webauthn:extension:prf: true, webauthn:virtualAuthenticators: true}
Element: [[ChromeDriver: chrome on linux (f974f43e2a4876950a3e421f4a9f8912)] -&gt; xpath: //p[@class=&apos;drug-search-result&apos;][text()=&apos;Internal Testing&apos;]]
Session ID: f974f43e2a4876950a3e421f4a9f8912
	at java.base/jdk.internal.reflect.NativeConstructorAccessorImpl.newInstance0(Native Method)
	at java.base/jdk.internal.reflect.NativeConstructorAccessorImpl.newInstance(NativeConstructorAccessorImpl.java:77)
	at java.base/jdk.internal.reflect.DelegatingConstructorAccessorImpl.newInstance(DelegatingConstructorAccessorImpl.java:45)
	at java.base/java.lang.reflect.Constructor.newInstanceWithCaller(Constructor.java:499)
	at java.base/java.lang.reflect.Constructor.newInstance(Constructor.java:480)
	at org.openqa.selenium.remote.codec.w3c.W3CHttpResponseCodec.createException(W3CHttpResponseCodec.java:200)
	at org.openqa.selenium.remote.codec.w3c.W3CHttpResponseCodec.decode(W3CHttpResponseCodec.java:133)
	at org.openqa.selenium.remote.codec.w3c.W3CHttpResponseCodec.decode(W3CHttpResponseCodec.java:52)
	at org.openqa.selenium.remote.HttpCommandExecutor.execute(HttpCommandExecutor.java:191)
	at org.openqa.selenium.remote.service.DriverCommandExecutor.invokeExecute(DriverCommandExecutor.java:200)
	at org.openqa.selenium.remote.service.DriverCommandExecutor.execute(DriverCommandExecutor.java:175)
	at org.openqa.selenium.remote.RemoteWebDriver.execute(RemoteWebDriver.java:523)
	at org.openqa.selenium.remote.RemoteWebElement.execute(RemoteWebElement.java:224)
	at org.openqa.selenium.remote.RemoteWebElement.click(RemoteWebElement.java:77)
	at objects.LoginPage.enterLocation(LoginPage.java:86)
	at objects.LoginPage.login(LoginPage.java:71)
	at strongroom.Base.setUp(Base.java:39)
	at java.base/jdk.internal.reflect.NativeMethodAccessorImpl.invoke0(Native Method)
	at java.base/jdk.internal.reflect.NativeMethodAccessorImpl.invoke(NativeMethodAccessorImpl.java:77)
	at java.base/jdk.internal.reflect.DelegatingMethodAccessorImpl.invoke(DelegatingMethodAccessorImpl.java:43)
	at java.base/java.lang.reflect.Method.invoke(Method.java:568)
	at org.testng.internal.MethodInvocationHelper.invokeMethod(MethodInvocationHelper.java:133)
	at org.testng.internal.MethodInvocationHelper.invokeMethodConsideringTimeout(MethodInvocationHelper.java:62)
	at org.testng.internal.ConfigInvoker.invokeConfigurationMethod(ConfigInvoker.java:385)
	at org.testng.internal.ConfigInvoker.invokeConfigurations(ConfigInvoker.java:321)
	at org.testng.internal.TestMethodWorker.invokeBeforeClassMethods(TestMethodWorker.java:176)
	at org.testng.internal.TestMethodWorker.run(TestMethodWorker.java:122)
	at java.base/java.util.ArrayList.forEach(ArrayList.java:1511)
	at org.testng.TestRunner.privateRun(TestRunner.java:794)
	at org.testng.TestRunner.run(TestRunner.java:596)
	at org.testng.SuiteRunner.runTest(SuiteRunner.java:377)
	at org.testng.SuiteRunner.runSequentially(SuiteRunner.java:371)
	at org.testng.SuiteRunner.privateRun(SuiteRunner.java:332)
	at org.testng.SuiteRunner.run(SuiteRunner.java:276)
	at org.testng.SuiteRunnerWorker.runSuite(SuiteRunnerWorker.java:53)
	at org.testng.SuiteRunnerWorker.run(SuiteRunnerWorker.java:96)
	at org.testng.TestNG.runSuitesSequentially(TestNG.java:1212)
	at org.testng.TestNG.runSuitesLocally(TestNG.java:1134)
	at org.testng.TestNG.runSuites(TestNG.java:1063)
	at org.testng.TestNG.run(TestNG.java:1031)
	at org.testng.remote.AbstractRemoteTestNG.run(AbstractRemoteTestNG.java:115)
	at org.testng.remote.RemoteTestNG.initAndRun(RemoteTestNG.java:251)
	at org.testng.remote.RemoteTestNG.main(RemoteTestNG.java:77)
</pre></div></td>
<td>0</td>
<td>strongroom.TransferoutImprest@783a467b</td></tr>
<tr>
<td title='strongroom.TransferoutImprest.transferoutImprest()'><b>transferoutImprest</b><br>Test class: strongroom.TransferoutImprest<br>Parameters: Outgoing imprest, Pharmacy, (amoxicillin) Yomax 500 mg capsule, 108f9bc3-ef0d-4936-bcf7-d67034d0531b, David Springer, 2.0, Added Note, valeshan.naidoo@strongroom.ai, 1111</td>
<td><div><pre>org.openqa.selenium.StaleElementReferenceException: stale element reference: stale element not found
  (Session info: chrome=120.0.6099.216)
For documentation on this error, please visit: https://www.selenium.dev/documentation/webdriver/troubleshooting/errors#stale-element-reference-exception
Build info: version: &apos;4.16.1&apos;, revision: &apos;9b4c83354e&apos;
System info: os.name: &apos;Linux&apos;, os.arch: &apos;amd64&apos;, os.version: &apos;5.15.0-92-generic&apos;, java.version: &apos;17.0.7&apos;
Driver info: org.openqa.selenium.chrome.ChromeDriver
Command: [f974f43e2a4876950a3e421f4a9f8912, clickElement {id=D4824ABEEFB26ED6A37DE98BD12249A1_element_12}]
Capabilities {acceptInsecureCerts: false, browserName: chrome, browserVersion: 120.0.6099.216, chrome: {chromedriverVersion: 120.0.6099.109 (3419140ab66..., userDataDir: /tmp/.org.chromium.Chromium...}, fedcm:accounts: true, goog:chromeOptions: {debuggerAddress: localhost:45437}, networkConnectionEnabled: false, pageLoadStrategy: normal, platformName: linux, proxy: Proxy(), se:cdp: ws://localhost:45437/devtoo..., se:cdpVersion: 120.0.6099.216, setWindowRect: true, strictFileInteractability: false, timeouts: {implicit: 0, pageLoad: 300000, script: 30000}, unhandledPromptBehavior: dismiss and notify, webauthn:extension:credBlob: true, webauthn:extension:largeBlob: true, webauthn:extension:minPinLength: true, webauthn:extension:prf: true, webauthn:virtualAuthenticators: true}
Element: [[ChromeDriver: chrome on linux (f974f43e2a4876950a3e421f4a9f8912)] -&gt; xpath: //p[@class=&apos;drug-search-result&apos;][text()=&apos;Internal Testing&apos;]]
Session ID: f974f43e2a4876950a3e421f4a9f8912
	at org.openqa.selenium.remote.codec.w3c.W3CHttpResponseCodec.createException(W3CHttpResponseCodec.java:200)
	at org.openqa.selenium.remote.codec.w3c.W3CHttpResponseCodec.decode(W3CHttpResponseCodec.java:133)
	at org.openqa.selenium.remote.codec.w3c.W3CHttpResponseCodec.decode(W3CHttpResponseCodec.java:52)
	at org.openqa.selenium.remote.HttpCommandExecutor.execute(HttpCommandExecutor.java:191)
	at org.openqa.selenium.remote.service.DriverCommandExecutor.invokeExecute(DriverCommandExecutor.java:200)
	at org.openqa.selenium.remote.service.DriverCommandExecutor.execute(DriverCommandExecutor.java:175)
	at org.openqa.selenium.remote.RemoteWebDriver.execute(RemoteWebDriver.java:523)
	at org.openqa.selenium.remote.RemoteWebElement.execute(RemoteWebElement.java:224)
	at org.openqa.selenium.remote.RemoteWebElement.click(RemoteWebElement.java:77)
	at objects.LoginPage.enterLocation(LoginPage.java:86)
	at objects.LoginPage.login(LoginPage.java:71)
	at strongroom.Base.setUp(Base.java:39)
	at java.base/java.util.ArrayList.forEach(ArrayList.java:1511)
... Removed 30 stack frames</pre></div><a href='#' onClick='toggleBox("stack-trace2061785352", this, "Click to show all stack frames", "Click to hide stack frames")'>Click to show all stack frames</a>
<div class='stack-trace' id='stack-trace2061785352'><pre>org.openqa.selenium.StaleElementReferenceException: stale element reference: stale element not found
  (Session info: chrome=120.0.6099.216)
For documentation on this error, please visit: https://www.selenium.dev/documentation/webdriver/troubleshooting/errors#stale-element-reference-exception
Build info: version: &apos;4.16.1&apos;, revision: &apos;9b4c83354e&apos;
System info: os.name: &apos;Linux&apos;, os.arch: &apos;amd64&apos;, os.version: &apos;5.15.0-92-generic&apos;, java.version: &apos;17.0.7&apos;
Driver info: org.openqa.selenium.chrome.ChromeDriver
Command: [f974f43e2a4876950a3e421f4a9f8912, clickElement {id=D4824ABEEFB26ED6A37DE98BD12249A1_element_12}]
Capabilities {acceptInsecureCerts: false, browserName: chrome, browserVersion: 120.0.6099.216, chrome: {chromedriverVersion: 120.0.6099.109 (3419140ab66..., userDataDir: /tmp/.org.chromium.Chromium...}, fedcm:accounts: true, goog:chromeOptions: {debuggerAddress: localhost:45437}, networkConnectionEnabled: false, pageLoadStrategy: normal, platformName: linux, proxy: Proxy(), se:cdp: ws://localhost:45437/devtoo..., se:cdpVersion: 120.0.6099.216, setWindowRect: true, strictFileInteractability: false, timeouts: {implicit: 0, pageLoad: 300000, script: 30000}, unhandledPromptBehavior: dismiss and notify, webauthn:extension:credBlob: true, webauthn:extension:largeBlob: true, webauthn:extension:minPinLength: true, webauthn:extension:prf: true, webauthn:virtualAuthenticators: true}
Element: [[ChromeDriver: chrome on linux (f974f43e2a4876950a3e421f4a9f8912)] -&gt; xpath: //p[@class=&apos;drug-search-result&apos;][text()=&apos;Internal Testing&apos;]]
Session ID: f974f43e2a4876950a3e421f4a9f8912
	at java.base/jdk.internal.reflect.NativeConstructorAccessorImpl.newInstance0(Native Method)
	at java.base/jdk.internal.reflect.NativeConstructorAccessorImpl.newInstance(NativeConstructorAccessorImpl.java:77)
	at java.base/jdk.internal.reflect.DelegatingConstructorAccessorImpl.newInstance(DelegatingConstructorAccessorImpl.java:45)
	at java.base/java.lang.reflect.Constructor.newInstanceWithCaller(Constructor.java:499)
	at java.base/java.lang.reflect.Constructor.newInstance(Constructor.java:480)
	at org.openqa.selenium.remote.codec.w3c.W3CHttpResponseCodec.createException(W3CHttpResponseCodec.java:200)
	at org.openqa.selenium.remote.codec.w3c.W3CHttpResponseCodec.decode(W3CHttpResponseCodec.java:133)
	at org.openqa.selenium.remote.codec.w3c.W3CHttpResponseCodec.decode(W3CHttpResponseCodec.java:52)
	at org.openqa.selenium.remote.HttpCommandExecutor.execute(HttpCommandExecutor.java:191)
	at org.openqa.selenium.remote.service.DriverCommandExecutor.invokeExecute(DriverCommandExecutor.java:200)
	at org.openqa.selenium.remote.service.DriverCommandExecutor.execute(DriverCommandExecutor.java:175)
	at org.openqa.selenium.remote.RemoteWebDriver.execute(RemoteWebDriver.java:523)
	at org.openqa.selenium.remote.RemoteWebElement.execute(RemoteWebElement.java:224)
	at org.openqa.selenium.remote.RemoteWebElement.click(RemoteWebElement.java:77)
	at objects.LoginPage.enterLocation(LoginPage.java:86)
	at objects.LoginPage.login(LoginPage.java:71)
	at strongroom.Base.setUp(Base.java:39)
	at java.base/jdk.internal.reflect.NativeMethodAccessorImpl.invoke0(Native Method)
	at java.base/jdk.internal.reflect.NativeMethodAccessorImpl.invoke(NativeMethodAccessorImpl.java:77)
	at java.base/jdk.internal.reflect.DelegatingMethodAccessorImpl.invoke(DelegatingMethodAccessorImpl.java:43)
	at java.base/java.lang.reflect.Method.invoke(Method.java:568)
	at org.testng.internal.MethodInvocationHelper.invokeMethod(MethodInvocationHelper.java:133)
	at org.testng.internal.MethodInvocationHelper.invokeMethodConsideringTimeout(MethodInvocationHelper.java:62)
	at org.testng.internal.ConfigInvoker.invokeConfigurationMethod(ConfigInvoker.java:385)
	at org.testng.internal.ConfigInvoker.invokeConfigurations(ConfigInvoker.java:321)
	at org.testng.internal.TestMethodWorker.invokeBeforeClassMethods(TestMethodWorker.java:176)
	at org.testng.internal.TestMethodWorker.run(TestMethodWorker.java:122)
	at java.base/java.util.ArrayList.forEach(ArrayList.java:1511)
	at org.testng.TestRunner.privateRun(TestRunner.java:794)
	at org.testng.TestRunner.run(TestRunner.java:596)
	at org.testng.SuiteRunner.runTest(SuiteRunner.java:377)
	at org.testng.SuiteRunner.runSequentially(SuiteRunner.java:371)
	at org.testng.SuiteRunner.privateRun(SuiteRunner.java:332)
	at org.testng.SuiteRunner.run(SuiteRunner.java:276)
	at org.testng.SuiteRunnerWorker.runSuite(SuiteRunnerWorker.java:53)
	at org.testng.SuiteRunnerWorker.run(SuiteRunnerWorker.java:96)
	at org.testng.TestNG.runSuitesSequentially(TestNG.java:1212)
	at org.testng.TestNG.runSuitesLocally(TestNG.java:1134)
	at org.testng.TestNG.runSuites(TestNG.java:1063)
	at org.testng.TestNG.run(TestNG.java:1031)
	at org.testng.remote.AbstractRemoteTestNG.run(AbstractRemoteTestNG.java:115)
	at org.testng.remote.RemoteTestNG.initAndRun(RemoteTestNG.java:251)
	at org.testng.remote.RemoteTestNG.main(RemoteTestNG.java:77)
</pre></div></td>
<td>0</td>
<td>strongroom.TransferoutImprest@783a467b</td></tr>
<tr>
<td title='strongroom.TransferoutImprest.transferoutImprest()'><b>transferoutImprest</b><br>Test class: strongroom.TransferoutImprest<br>Parameters: Transfer out Patient, Loc-1, (lidocaine) lidocaine hydrochloride 4% cream, f7f38e97-83e8-49d4-ba47-fb184baa8675, Pamela Butler, 2.0, Added Note, valeshan.naidoo@strongroom.ai, 1111</td>
<td><div><pre>org.openqa.selenium.StaleElementReferenceException: stale element reference: stale element not found
  (Session info: chrome=120.0.6099.216)
For documentation on this error, please visit: https://www.selenium.dev/documentation/webdriver/troubleshooting/errors#stale-element-reference-exception
Build info: version: &apos;4.16.1&apos;, revision: &apos;9b4c83354e&apos;
System info: os.name: &apos;Linux&apos;, os.arch: &apos;amd64&apos;, os.version: &apos;5.15.0-92-generic&apos;, java.version: &apos;17.0.7&apos;
Driver info: org.openqa.selenium.chrome.ChromeDriver
Command: [f974f43e2a4876950a3e421f4a9f8912, clickElement {id=D4824ABEEFB26ED6A37DE98BD12249A1_element_12}]
Capabilities {acceptInsecureCerts: false, browserName: chrome, browserVersion: 120.0.6099.216, chrome: {chromedriverVersion: 120.0.6099.109 (3419140ab66..., userDataDir: /tmp/.org.chromium.Chromium...}, fedcm:accounts: true, goog:chromeOptions: {debuggerAddress: localhost:45437}, networkConnectionEnabled: false, pageLoadStrategy: normal, platformName: linux, proxy: Proxy(), se:cdp: ws://localhost:45437/devtoo..., se:cdpVersion: 120.0.6099.216, setWindowRect: true, strictFileInteractability: false, timeouts: {implicit: 0, pageLoad: 300000, script: 30000}, unhandledPromptBehavior: dismiss and notify, webauthn:extension:credBlob: true, webauthn:extension:largeBlob: true, webauthn:extension:minPinLength: true, webauthn:extension:prf: true, webauthn:virtualAuthenticators: true}
Element: [[ChromeDriver: chrome on linux (f974f43e2a4876950a3e421f4a9f8912)] -&gt; xpath: //p[@class=&apos;drug-search-result&apos;][text()=&apos;Internal Testing&apos;]]
Session ID: f974f43e2a4876950a3e421f4a9f8912
	at org.openqa.selenium.remote.codec.w3c.W3CHttpResponseCodec.createException(W3CHttpResponseCodec.java:200)
	at org.openqa.selenium.remote.codec.w3c.W3CHttpResponseCodec.decode(W3CHttpResponseCodec.java:133)
	at org.openqa.selenium.remote.codec.w3c.W3CHttpResponseCodec.decode(W3CHttpResponseCodec.java:52)
	at org.openqa.selenium.remote.HttpCommandExecutor.execute(HttpCommandExecutor.java:191)
	at org.openqa.selenium.remote.service.DriverCommandExecutor.invokeExecute(DriverCommandExecutor.java:200)
	at org.openqa.selenium.remote.service.DriverCommandExecutor.execute(DriverCommandExecutor.java:175)
	at org.openqa.selenium.remote.RemoteWebDriver.execute(RemoteWebDriver.java:523)
	at org.openqa.selenium.remote.RemoteWebElement.execute(RemoteWebElement.java:224)
	at org.openqa.selenium.remote.RemoteWebElement.click(RemoteWebElement.java:77)
	at objects.LoginPage.enterLocation(LoginPage.java:86)
	at objects.LoginPage.login(LoginPage.java:71)
	at strongroom.Base.setUp(Base.java:39)
	at java.base/java.util.ArrayList.forEach(ArrayList.java:1511)
... Removed 30 stack frames</pre></div><a href='#' onClick='toggleBox("stack-trace1413011734", this, "Click to show all stack frames", "Click to hide stack frames")'>Click to show all stack frames</a>
<div class='stack-trace' id='stack-trace1413011734'><pre>org.openqa.selenium.StaleElementReferenceException: stale element reference: stale element not found
  (Session info: chrome=120.0.6099.216)
For documentation on this error, please visit: https://www.selenium.dev/documentation/webdriver/troubleshooting/errors#stale-element-reference-exception
Build info: version: &apos;4.16.1&apos;, revision: &apos;9b4c83354e&apos;
System info: os.name: &apos;Linux&apos;, os.arch: &apos;amd64&apos;, os.version: &apos;5.15.0-92-generic&apos;, java.version: &apos;17.0.7&apos;
Driver info: org.openqa.selenium.chrome.ChromeDriver
Command: [f974f43e2a4876950a3e421f4a9f8912, clickElement {id=D4824ABEEFB26ED6A37DE98BD12249A1_element_12}]
Capabilities {acceptInsecureCerts: false, browserName: chrome, browserVersion: 120.0.6099.216, chrome: {chromedriverVersion: 120.0.6099.109 (3419140ab66..., userDataDir: /tmp/.org.chromium.Chromium...}, fedcm:accounts: true, goog:chromeOptions: {debuggerAddress: localhost:45437}, networkConnectionEnabled: false, pageLoadStrategy: normal, platformName: linux, proxy: Proxy(), se:cdp: ws://localhost:45437/devtoo..., se:cdpVersion: 120.0.6099.216, setWindowRect: true, strictFileInteractability: false, timeouts: {implicit: 0, pageLoad: 300000, script: 30000}, unhandledPromptBehavior: dismiss and notify, webauthn:extension:credBlob: true, webauthn:extension:largeBlob: true, webauthn:extension:minPinLength: true, webauthn:extension:prf: true, webauthn:virtualAuthenticators: true}
Element: [[ChromeDriver: chrome on linux (f974f43e2a4876950a3e421f4a9f8912)] -&gt; xpath: //p[@class=&apos;drug-search-result&apos;][text()=&apos;Internal Testing&apos;]]
Session ID: f974f43e2a4876950a3e421f4a9f8912
	at java.base/jdk.internal.reflect.NativeConstructorAccessorImpl.newInstance0(Native Method)
	at java.base/jdk.internal.reflect.NativeConstructorAccessorImpl.newInstance(NativeConstructorAccessorImpl.java:77)
	at java.base/jdk.internal.reflect.DelegatingConstructorAccessorImpl.newInstance(DelegatingConstructorAccessorImpl.java:45)
	at java.base/java.lang.reflect.Constructor.newInstanceWithCaller(Constructor.java:499)
	at java.base/java.lang.reflect.Constructor.newInstance(Constructor.java:480)
	at org.openqa.selenium.remote.codec.w3c.W3CHttpResponseCodec.createException(W3CHttpResponseCodec.java:200)
	at org.openqa.selenium.remote.codec.w3c.W3CHttpResponseCodec.decode(W3CHttpResponseCodec.java:133)
	at org.openqa.selenium.remote.codec.w3c.W3CHttpResponseCodec.decode(W3CHttpResponseCodec.java:52)
	at org.openqa.selenium.remote.HttpCommandExecutor.execute(HttpCommandExecutor.java:191)
	at org.openqa.selenium.remote.service.DriverCommandExecutor.invokeExecute(DriverCommandExecutor.java:200)
	at org.openqa.selenium.remote.service.DriverCommandExecutor.execute(DriverCommandExecutor.java:175)
	at org.openqa.selenium.remote.RemoteWebDriver.execute(RemoteWebDriver.java:523)
	at org.openqa.selenium.remote.RemoteWebElement.execute(RemoteWebElement.java:224)
	at org.openqa.selenium.remote.RemoteWebElement.click(RemoteWebElement.java:77)
	at objects.LoginPage.enterLocation(LoginPage.java:86)
	at objects.LoginPage.login(LoginPage.java:71)
	at strongroom.Base.setUp(Base.java:39)
	at java.base/jdk.internal.reflect.NativeMethodAccessorImpl.invoke0(Native Method)
	at java.base/jdk.internal.reflect.NativeMethodAccessorImpl.invoke(NativeMethodAccessorImpl.java:77)
	at java.base/jdk.internal.reflect.DelegatingMethodAccessorImpl.invoke(DelegatingMethodAccessorImpl.java:43)
	at java.base/java.lang.reflect.Method.invoke(Method.java:568)
	at org.testng.internal.MethodInvocationHelper.invokeMethod(MethodInvocationHelper.java:133)
	at org.testng.internal.MethodInvocationHelper.invokeMethodConsideringTimeout(MethodInvocationHelper.java:62)
	at org.testng.internal.ConfigInvoker.invokeConfigurationMethod(ConfigInvoker.java:385)
	at org.testng.internal.ConfigInvoker.invokeConfigurations(ConfigInvoker.java:321)
	at org.testng.internal.TestMethodWorker.invokeBeforeClassMethods(TestMethodWorker.java:176)
	at org.testng.internal.TestMethodWorker.run(TestMethodWorker.java:122)
	at java.base/java.util.ArrayList.forEach(ArrayList.java:1511)
	at org.testng.TestRunner.privateRun(TestRunner.java:794)
	at org.testng.TestRunner.run(TestRunner.java:596)
	at org.testng.SuiteRunner.runTest(SuiteRunner.java:377)
	at org.testng.SuiteRunner.runSequentially(SuiteRunner.java:371)
	at org.testng.SuiteRunner.privateRun(SuiteRunner.java:332)
	at org.testng.SuiteRunner.run(SuiteRunner.java:276)
	at org.testng.SuiteRunnerWorker.runSuite(SuiteRunnerWorker.java:53)
	at org.testng.SuiteRunnerWorker.run(SuiteRunnerWorker.java:96)
	at org.testng.TestNG.runSuitesSequentially(TestNG.java:1212)
	at org.testng.TestNG.runSuitesLocally(TestNG.java:1134)
	at org.testng.TestNG.runSuites(TestNG.java:1063)
	at org.testng.TestNG.run(TestNG.java:1031)
	at org.testng.remote.AbstractRemoteTestNG.run(AbstractRemoteTestNG.java:115)
	at org.testng.remote.RemoteTestNG.initAndRun(RemoteTestNG.java:251)
	at org.testng.remote.RemoteTestNG.main(RemoteTestNG.java:77)
</pre></div></td>
<td>0</td>
<td>strongroom.TransferoutImprest@783a467b</td></tr>
</table><p>
</body>
</html>